2022-04-27 03:19:11,023 INFO  BookController:66 - [] [getBooking] info booking
2022-04-27 03:19:11,043 WARN  BookController:67 - [] [getBooking] warn booking
2022-04-27 03:19:11,044 ERROR BookController:68 - [] [getBooking] error booking
2022-04-27 03:19:11,045 DEBUG BookController:69 - [] [getBooking] debug booking
2022-04-27 03:27:18,447 INFO  BookController:66 - [] [getBooking] info booking
2022-04-27 03:27:18,448 WARN  BookController:67 - [] [getBooking] warn booking
2022-04-27 03:27:18,451 ERROR BookController:68 - [] [getBooking] error booking
2022-04-27 03:27:18,451 DEBUG BookController:69 - [] [getBooking] debug booking
2022-04-27 03:27:21,286 INFO  BookController:66 - [] [getBooking] info booking
2022-04-27 03:27:21,287 WARN  BookController:67 - [] [getBooking] warn booking
2022-04-27 03:27:21,289 ERROR BookController:68 - [] [getBooking] error booking
2022-04-27 03:27:21,290 DEBUG BookController:69 - [] [getBooking] debug booking
2022-04-27 05:01:39,181 INFO  BookController:38 - [] [postBooking] info booking
2022-04-27 05:01:39,197 WARN  BookController:39 - [] [postBooking] warn booking
2022-04-27 05:01:39,197 ERROR BookController:40 - [] [postBooking] error booking
2022-04-27 05:01:39,197 DEBUG BookController:41 - [] [postBooking] debug booking
2022-04-27 05:06:29,882 INFO  BookController:66 - [] [getBooking] info booking
2022-04-27 05:06:29,892 WARN  BookController:67 - [] [getBooking] warn booking
2022-04-27 05:06:29,894 ERROR BookController:68 - [] [getBooking] error booking
2022-04-27 05:06:29,900 DEBUG BookController:69 - [] [getBooking] debug booking
2022-04-27 20:40:20,987 INFO  BookController:38 - [] [postBooking] info booking
2022-04-27 20:40:20,995 WARN  BookController:39 - [] [postBooking] warn booking
2022-04-27 20:40:20,995 ERROR BookController:40 - [] [postBooking] error booking
2022-04-27 20:40:20,996 DEBUG BookController:41 - [] [postBooking] debug booking
2022-04-27 22:53:50,915 INFO  BookController:38 - [] [postBooking] info booking
2022-04-27 22:53:50,924 WARN  BookController:39 - [] [postBooking] warn booking
2022-04-27 22:53:50,924 ERROR BookController:40 - [] [postBooking] error booking
2022-04-27 22:53:50,924 DEBUG BookController:41 - [] [postBooking] debug booking
