2022-04-25 12:17:02,576 INFO  BookController:67 - [] [getBooking] info booking
2022-04-25 12:17:02,584 WARN  BookController:68 - [] [getBooking] warn booking
2022-04-25 12:17:02,585 ERROR BookController:69 - [] [getBooking] error booking
2022-04-25 12:17:02,585 DEBUG BookController:70 - [] [getBooking] debug booking
2022-04-25 18:19:47,605 INFO  BookController:38 - [] [postBooking] info booking
2022-04-25 18:19:47,707 WARN  BookController:39 - [] [postBooking] warn booking
2022-04-25 18:19:47,708 ERROR BookController:40 - [] [postBooking] error booking
2022-04-25 18:19:47,709 DEBUG BookController:41 - [] [postBooking] debug booking
2022-04-25 18:20:10,571 INFO  BookController:38 - [] [postBooking] info booking
2022-04-25 18:20:10,574 WARN  BookController:39 - [] [postBooking] warn booking
2022-04-25 18:20:10,575 ERROR BookController:40 - [] [postBooking] error booking
2022-04-25 18:20:10,575 DEBUG BookController:41 - [] [postBooking] debug booking
2022-04-25 18:20:41,606 INFO  BookController:38 - [] [postBooking] info booking
2022-04-25 18:20:41,607 WARN  BookController:39 - [] [postBooking] warn booking
2022-04-25 18:20:41,608 ERROR BookController:40 - [] [postBooking] error booking
2022-04-25 18:20:41,608 DEBUG BookController:41 - [] [postBooking] debug booking
2022-04-25 18:20:53,731 INFO  BookController:38 - [] [postBooking] info booking
2022-04-25 18:20:53,732 WARN  BookController:39 - [] [postBooking] warn booking
2022-04-25 18:20:53,733 ERROR BookController:40 - [] [postBooking] error booking
2022-04-25 18:20:53,733 DEBUG BookController:41 - [] [postBooking] debug booking
2022-04-25 18:24:20,651 INFO  BookController:38 - [] [postBooking] info booking
2022-04-25 18:24:20,651 WARN  BookController:39 - [] [postBooking] warn booking
2022-04-25 18:24:20,652 ERROR BookController:40 - [] [postBooking] error booking
2022-04-25 18:24:20,652 DEBUG BookController:41 - [] [postBooking] debug booking
2022-04-25 18:24:31,320 INFO  BookController:38 - [] [postBooking] info booking
2022-04-25 18:24:31,320 WARN  BookController:39 - [] [postBooking] warn booking
2022-04-25 18:24:31,321 ERROR BookController:40 - [] [postBooking] error booking
2022-04-25 18:24:31,321 DEBUG BookController:41 - [] [postBooking] debug booking
2022-04-25 18:27:40,738 INFO  BookController:38 - [] [postBooking] info booking
2022-04-25 18:27:40,739 WARN  BookController:39 - [] [postBooking] warn booking
2022-04-25 18:27:40,739 ERROR BookController:40 - [] [postBooking] error booking
2022-04-25 18:27:40,739 DEBUG BookController:41 - [] [postBooking] debug booking
2022-04-25 21:59:25,847 INFO  BookController:67 - [] [getBooking] info booking
2022-04-25 21:59:25,851 WARN  BookController:68 - [] [getBooking] warn booking
2022-04-25 21:59:25,851 ERROR BookController:69 - [] [getBooking] error booking
2022-04-25 21:59:25,851 DEBUG BookController:70 - [] [getBooking] debug booking
2022-04-25 22:16:13,534 INFO  BookController:67 - [] [getBooking] info booking
2022-04-25 22:16:13,538 WARN  BookController:68 - [] [getBooking] warn booking
2022-04-25 22:16:13,538 ERROR BookController:69 - [] [getBooking] error booking
2022-04-25 22:16:13,538 DEBUG BookController:70 - [] [getBooking] debug booking
