2022-04-22 00:28:00.423  INFO 13744 --- [main] c.e.m.T.TrainServiceApplication          : Starting TrainServiceApplication using Java 17.0.1 on LAPTOP-9QI3S0HF with PID 13744 (C:\Users\91914\Desktop\Professional\BackEnd\TrainService\target\classes started by 91914 in C:\Users\91914\Desktop\Professional\BackEnd\TrainService)
2022-04-22 00:28:00.426  INFO 13744 --- [main] c.e.m.T.TrainServiceApplication          : No active profile set, falling back to default profiles: default
2022-04-22 00:28:01.567  INFO 13744 --- [main] .s.d.r.c.RepositoryConfigurationDelegate : Bootstrapping Spring Data MongoDB repositories in DEFAULT mode.
2022-04-22 00:28:01.736  INFO 13744 --- [main] .s.d.r.c.RepositoryConfigurationDelegate : Finished Spring Data repository scanning in 159 ms. Found 1 MongoDB repository interfaces.
2022-04-22 00:28:02.047  INFO 13744 --- [main] o.s.cloud.context.scope.GenericScope     : BeanFactory id=0d315bf0-18bf-30a6-b3ad-28f41e430188
2022-04-22 00:28:02.511  INFO 13744 --- [main] o.s.b.w.embedded.tomcat.TomcatWebServer  : Tomcat initialized with port(s): 8087 (http)
2022-04-22 00:28:02.524  INFO 13744 --- [main] o.apache.catalina.core.StandardService   : Starting service [Tomcat]
2022-04-22 00:28:02.525  INFO 13744 --- [main] org.apache.catalina.core.StandardEngine  : Starting Servlet engine: [Apache Tomcat/9.0.55]
2022-04-22 00:28:02.882  INFO 13744 --- [main] o.a.c.c.C.[Tomcat].[localhost].[/]       : Initializing Spring embedded WebApplicationContext
2022-04-22 00:28:02.882  INFO 13744 --- [main] w.s.c.ServletWebServerApplicationContext : Root WebApplicationContext: initialization completed in 2400 ms
2022-04-22 00:28:03.167  INFO 13744 --- [main] org.mongodb.driver.cluster               : Cluster created with settings {hosts=[127.0.0.1:27017], srvHost=cluster0.4ncjl.mongodb.net, mode=MULTIPLE, requiredClusterType=REPLICA_SET, serverSelectionTimeout='30000 ms', requiredReplicaSetName='atlas-gqfc1z-shard-0'}
2022-04-22 00:28:03.306  WARN 13744 --- [main] o.s.data.convert.CustomConversions       : Registering converter from class java.time.LocalDateTime to class org.joda.time.LocalDateTime as reading converter although it doesn't convert from a store-supported type! You might want to check your annotation setup at the converter implementation.
2022-04-22 00:28:03.408  WARN 13744 --- [main] o.s.data.convert.CustomConversions       : Registering converter from class java.time.LocalDateTime to class org.joda.time.LocalDateTime as reading converter although it doesn't convert from a store-supported type! You might want to check your annotation setup at the converter implementation.
2022-04-22 00:28:04.052  INFO 13744 --- [cluster-ClusterId{value='6261a93ba960065c39ff89af', description='null'}-srv-cluster0.4ncjl.mongodb.net] org.mongodb.driver.cluster               : Adding discovered server cluster0-shard-00-02.4ncjl.mongodb.net:27017 to client view of cluster
2022-04-22 00:28:04.056  INFO 13744 --- [main] pertySourcedRequestMappingHandlerMapping : Mapped URL path [/v2/api-docs] onto method [springfox.documentation.swagger2.web.Swagger2Controller#getDocumentation(String, HttpServletRequest)]
2022-04-22 00:28:04.094  INFO 13744 --- [cluster-ClusterId{value='6261a93ba960065c39ff89af', description='null'}-srv-cluster0.4ncjl.mongodb.net] org.mongodb.driver.cluster               : Adding discovered server cluster0-shard-00-01.4ncjl.mongodb.net:27017 to client view of cluster
2022-04-22 00:28:04.095  INFO 13744 --- [cluster-ClusterId{value='6261a93ba960065c39ff89af', description='null'}-srv-cluster0.4ncjl.mongodb.net] org.mongodb.driver.cluster               : Adding discovered server cluster0-shard-00-00.4ncjl.mongodb.net:27017 to client view of cluster
2022-04-22 00:28:05.118  INFO 13744 --- [cluster-ClusterId{value='6261a93ba960065c39ff89af', description='null'}-cluster0-shard-00-02.4ncjl.mongodb.net:27017] org.mongodb.driver.connection            : Opened connection [connectionId{localValue:6, serverValue:11987}] to cluster0-shard-00-02.4ncjl.mongodb.net:27017
2022-04-22 00:28:05.118  INFO 13744 --- [cluster-rtt-ClusterId{value='6261a93ba960065c39ff89af', description='null'}-cluster0-shard-00-00.4ncjl.mongodb.net:27017] org.mongodb.driver.connection            : Opened connection [connectionId{localValue:1, serverValue:11478}] to cluster0-shard-00-00.4ncjl.mongodb.net:27017
2022-04-22 00:28:05.118  INFO 13744 --- [cluster-ClusterId{value='6261a93ba960065c39ff89af', description='null'}-cluster0-shard-00-00.4ncjl.mongodb.net:27017] org.mongodb.driver.connection            : Opened connection [connectionId{localValue:2, serverValue:11478}] to cluster0-shard-00-00.4ncjl.mongodb.net:27017
2022-04-22 00:28:05.118  INFO 13744 --- [cluster-rtt-ClusterId{value='6261a93ba960065c39ff89af', description='null'}-cluster0-shard-00-02.4ncjl.mongodb.net:27017] org.mongodb.driver.connection            : Opened connection [connectionId{localValue:3, serverValue:11993}] to cluster0-shard-00-02.4ncjl.mongodb.net:27017
2022-04-22 00:28:05.119  INFO 13744 --- [cluster-ClusterId{value='6261a93ba960065c39ff89af', description='null'}-cluster0-shard-00-02.4ncjl.mongodb.net:27017] org.mongodb.driver.cluster               : Monitor thread successfully connected to server with description ServerDescription{address=cluster0-shard-00-02.4ncjl.mongodb.net:27017, type=REPLICA_SET_PRIMARY, state=CONNECTED, ok=true, minWireVersion=0, maxWireVersion=13, maxDocumentSize=16777216, logicalSessionTimeoutMinutes=30, roundTripTimeNanos=420471100, setName='atlas-gqfc1z-shard-0', canonicalAddress=cluster0-shard-00-02.4ncjl.mongodb.net:27017, hosts=[cluster0-shard-00-02.4ncjl.mongodb.net:27017, cluster0-shard-00-01.4ncjl.mongodb.net:27017, cluster0-shard-00-00.4ncjl.mongodb.net:27017], passives=[], arbiters=[], primary='cluster0-shard-00-02.4ncjl.mongodb.net:27017', tagSet=TagSet{[Tag{name='nodeType', value='ELECTABLE'}, Tag{name='provider', value='AWS'}, Tag{name='region', value='AP_SOUTH_1'}, Tag{name='workloadType', value='OPERATIONAL'}]}, electionId=7fffffff000000000000007d, setVersion=7, topologyVersion=TopologyVersion{processId=62612ed23821a70477d4a6e9, counter=6}, lastWriteDate=Fri Apr 22 00:28:04 IST 2022, lastUpdateTimeNanos=385832539797000}
2022-04-22 00:28:05.119  INFO 13744 --- [cluster-ClusterId{value='6261a93ba960065c39ff89af', description='null'}-cluster0-shard-00-00.4ncjl.mongodb.net:27017] org.mongodb.driver.cluster               : Monitor thread successfully connected to server with description ServerDescription{address=cluster0-shard-00-00.4ncjl.mongodb.net:27017, type=REPLICA_SET_SECONDARY, state=CONNECTED, ok=true, minWireVersion=0, maxWireVersion=13, maxDocumentSize=16777216, logicalSessionTimeoutMinutes=30, roundTripTimeNanos=444022800, setName='atlas-gqfc1z-shard-0', canonicalAddress=cluster0-shard-00-00.4ncjl.mongodb.net:27017, hosts=[cluster0-shard-00-02.4ncjl.mongodb.net:27017, cluster0-shard-00-01.4ncjl.mongodb.net:27017, cluster0-shard-00-00.4ncjl.mongodb.net:27017], passives=[], arbiters=[], primary='cluster0-shard-00-02.4ncjl.mongodb.net:27017', tagSet=TagSet{[Tag{name='nodeType', value='ELECTABLE'}, Tag{name='provider', value='AWS'}, Tag{name='region', value='AP_SOUTH_1'}, Tag{name='workloadType', value='OPERATIONAL'}]}, electionId=null, setVersion=7, topologyVersion=TopologyVersion{processId=62612d5b66067b919ccfaff5, counter=4}, lastWriteDate=Fri Apr 22 00:28:04 IST 2022, lastUpdateTimeNanos=385832539489100}
2022-04-22 00:28:05.124  INFO 13744 --- [cluster-ClusterId{value='6261a93ba960065c39ff89af', description='null'}-cluster0-shard-00-02.4ncjl.mongodb.net:27017] org.mongodb.driver.cluster               : Setting max election id to 7fffffff000000000000007d from replica set primary cluster0-shard-00-02.4ncjl.mongodb.net:27017
2022-04-22 00:28:05.130  INFO 13744 --- [cluster-ClusterId{value='6261a93ba960065c39ff89af', description='null'}-cluster0-shard-00-02.4ncjl.mongodb.net:27017] org.mongodb.driver.cluster               : Setting max set version to 7 from replica set primary cluster0-shard-00-02.4ncjl.mongodb.net:27017
2022-04-22 00:28:05.131  INFO 13744 --- [cluster-ClusterId{value='6261a93ba960065c39ff89af', description='null'}-cluster0-shard-00-02.4ncjl.mongodb.net:27017] org.mongodb.driver.cluster               : Discovered replica set primary cluster0-shard-00-02.4ncjl.mongodb.net:27017
2022-04-22 00:28:05.533  INFO 13744 --- [main] DiscoveryClientOptionalArgsConfiguration : Eureka HTTP Client uses RestTemplate.
2022-04-22 00:28:05.568  INFO 13744 --- [cluster-ClusterId{value='6261a93ba960065c39ff89af', description='null'}-cluster0-shard-00-01.4ncjl.mongodb.net:27017] org.mongodb.driver.connection            : Opened connection [connectionId{localValue:5, serverValue:11055}] to cluster0-shard-00-01.4ncjl.mongodb.net:27017
2022-04-22 00:28:05.568  INFO 13744 --- [cluster-rtt-ClusterId{value='6261a93ba960065c39ff89af', description='null'}-cluster0-shard-00-01.4ncjl.mongodb.net:27017] org.mongodb.driver.connection            : Opened connection [connectionId{localValue:4, serverValue:11053}] to cluster0-shard-00-01.4ncjl.mongodb.net:27017
2022-04-22 00:28:05.569  INFO 13744 --- [cluster-ClusterId{value='6261a93ba960065c39ff89af', description='null'}-cluster0-shard-00-01.4ncjl.mongodb.net:27017] org.mongodb.driver.cluster               : Monitor thread successfully connected to server with description ServerDescription{address=cluster0-shard-00-01.4ncjl.mongodb.net:27017, type=REPLICA_SET_SECONDARY, state=CONNECTED, ok=true, minWireVersion=0, maxWireVersion=13, maxDocumentSize=16777216, logicalSessionTimeoutMinutes=30, roundTripTimeNanos=214745800, setName='atlas-gqfc1z-shard-0', canonicalAddress=cluster0-shard-00-01.4ncjl.mongodb.net:27017, hosts=[cluster0-shard-00-02.4ncjl.mongodb.net:27017, cluster0-shard-00-01.4ncjl.mongodb.net:27017, cluster0-shard-00-00.4ncjl.mongodb.net:27017], passives=[], arbiters=[], primary='cluster0-shard-00-02.4ncjl.mongodb.net:27017', tagSet=TagSet{[Tag{name='nodeType', value='ELECTABLE'}, Tag{name='provider', value='AWS'}, Tag{name='region', value='AP_SOUTH_1'}, Tag{name='workloadType', value='OPERATIONAL'}]}, electionId=null, setVersion=7, topologyVersion=TopologyVersion{processId=6261304e0613598bf20161b2, counter=3}, lastWriteDate=Fri Apr 22 00:28:05 IST 2022, lastUpdateTimeNanos=385832990781500}
2022-04-22 00:28:05.718  WARN 13744 --- [main] iguration$LoadBalancerCaffeineWarnLogger : Spring Cloud LoadBalancer is currently working with the default cache. You can switch to using Caffeine cache, by adding it and org.springframework.cache.caffeine.CaffeineCacheManager to the classpath.
2022-04-22 00:28:05.745  INFO 13744 --- [main] o.s.c.n.eureka.InstanceInfoFactory       : Setting initial instance status as: STARTING
2022-04-22 00:28:05.845  INFO 13744 --- [main] com.netflix.discovery.DiscoveryClient    : Initializing Eureka in region us-east-1
2022-04-22 00:28:05.856  INFO 13744 --- [main] c.n.d.s.r.aws.ConfigClusterResolver      : Resolving eureka endpoints via configuration
2022-04-22 00:28:05.888  INFO 13744 --- [main] com.netflix.discovery.DiscoveryClient    : Disable delta property : false
2022-04-22 00:28:05.888  INFO 13744 --- [main] com.netflix.discovery.DiscoveryClient    : Single vip registry refresh property : null
2022-04-22 00:28:05.889  INFO 13744 --- [main] com.netflix.discovery.DiscoveryClient    : Force full registry fetch : false
2022-04-22 00:28:05.889  INFO 13744 --- [main] com.netflix.discovery.DiscoveryClient    : Application is null : false
2022-04-22 00:28:05.889  INFO 13744 --- [main] com.netflix.discovery.DiscoveryClient    : Registered Applications size is zero : true
2022-04-22 00:28:05.889  INFO 13744 --- [main] com.netflix.discovery.DiscoveryClient    : Application version is -1: true
2022-04-22 00:28:05.889  INFO 13744 --- [main] com.netflix.discovery.DiscoveryClient    : Getting all instance registry info from the eureka server
2022-04-22 00:28:06.165  INFO 13744 --- [main] com.netflix.discovery.DiscoveryClient    : The response status is 200
2022-04-22 00:28:06.167  INFO 13744 --- [main] com.netflix.discovery.DiscoveryClient    : Starting heartbeat executor: renew interval is: 30
2022-04-22 00:28:06.172  INFO 13744 --- [main] c.n.discovery.InstanceInfoReplicator     : InstanceInfoReplicator onDemand update allowed rate per min is 4
2022-04-22 00:28:06.180  INFO 13744 --- [main] com.netflix.discovery.DiscoveryClient    : Discovery Client initialized at timestamp 1650567486178 with initial instances count: 0
2022-04-22 00:28:06.182  INFO 13744 --- [main] o.s.c.n.e.s.EurekaServiceRegistry        : Registering application TRAINDETAILS with eureka with status UP
2022-04-22 00:28:06.183  INFO 13744 --- [main] com.netflix.discovery.DiscoveryClient    : Saw local status change event StatusChangeEvent [timestamp=1650567486183, current=UP, previous=STARTING]
2022-04-22 00:28:06.184  INFO 13744 --- [DiscoveryClient-InstanceInfoReplicator-0] com.netflix.discovery.DiscoveryClient    : DiscoveryClient_TRAINDETAILS/LAPTOP-9QI3S0HF:TrainDetails:8087: registering service...
2022-04-22 00:28:06.207  INFO 13744 --- [main] o.s.b.w.embedded.tomcat.TomcatWebServer  : Tomcat started on port(s): 8087 (http) with context path ''
2022-04-22 00:28:06.208  INFO 13744 --- [main] .s.c.n.e.s.EurekaAutoServiceRegistration : Updating port to 8087
2022-04-22 00:28:06.233  INFO 13744 --- [DiscoveryClient-InstanceInfoReplicator-0] com.netflix.discovery.DiscoveryClient    : DiscoveryClient_TRAINDETAILS/LAPTOP-9QI3S0HF:TrainDetails:8087 - registration status: 204
2022-04-22 00:28:06.307  INFO 13744 --- [main] d.s.w.p.DocumentationPluginsBootstrapper : Context refreshed
2022-04-22 00:28:06.327  INFO 13744 --- [main] d.s.w.p.DocumentationPluginsBootstrapper : Found 1 custom documentation plugin(s)
2022-04-22 00:28:06.332  WARN 13744 --- [main] ConfigServletWebServerApplicationContext : Exception encountered during context initialization - cancelling refresh attempt: org.springframework.context.ApplicationContextException: Failed to start bean 'documentationPluginsBootstrapper'; nested exception is java.lang.NullPointerException: Cannot invoke "org.springframework.web.servlet.mvc.condition.PatternsRequestCondition.toString()" because the return value of "springfox.documentation.spi.service.contexts.Orderings.patternsCondition(springfox.documentation.RequestHandler)" is null
2022-04-22 00:28:06.550  INFO 13744 --- [main] com.netflix.discovery.DiscoveryClient    : Shutting down DiscoveryClient ...
2022-04-22 00:28:09.565  INFO 13744 --- [main] com.netflix.discovery.DiscoveryClient    : Unregistering ...
2022-04-22 00:28:09.571  INFO 13744 --- [main] com.netflix.discovery.DiscoveryClient    : DiscoveryClient_TRAINDETAILS/LAPTOP-9QI3S0HF:TrainDetails:8087 - deregister  status: 200
2022-04-22 00:28:09.575  INFO 13744 --- [main] com.netflix.discovery.DiscoveryClient    : Completed shut down of DiscoveryClient
2022-04-22 00:28:09.591  INFO 13744 --- [main] o.apache.catalina.core.StandardService   : Stopping service [Tomcat]
2022-04-22 00:28:09.607  INFO 13744 --- [main] ConditionEvaluationReportLoggingListener : 

Error starting ApplicationContext. To display the conditions report re-run your application with 'debug' enabled.
2022-04-22 00:28:09.625 ERROR 13744 --- [main] o.s.boot.SpringApplication               : Application run failed

org.springframework.context.ApplicationContextException: Failed to start bean 'documentationPluginsBootstrapper'; nested exception is java.lang.NullPointerException: Cannot invoke "org.springframework.web.servlet.mvc.condition.PatternsRequestCondition.toString()" because the return value of "springfox.documentation.spi.service.contexts.Orderings.patternsCondition(springfox.documentation.RequestHandler)" is null
	at org.springframework.context.support.DefaultLifecycleProcessor.doStart(DefaultLifecycleProcessor.java:181) ~[spring-context-5.3.13.jar:5.3.13]
	at org.springframework.context.support.DefaultLifecycleProcessor.access$200(DefaultLifecycleProcessor.java:54) ~[spring-context-5.3.13.jar:5.3.13]
	at org.springframework.context.support.DefaultLifecycleProcessor$LifecycleGroup.start(DefaultLifecycleProcessor.java:356) ~[spring-context-5.3.13.jar:5.3.13]
	at java.base/java.lang.Iterable.forEach(Iterable.java:75) ~[na:na]
	at org.springframework.context.support.DefaultLifecycleProcessor.startBeans(DefaultLifecycleProcessor.java:155) ~[spring-context-5.3.13.jar:5.3.13]
	at org.springframework.context.support.DefaultLifecycleProcessor.onRefresh(DefaultLifecycleProcessor.java:123) ~[spring-context-5.3.13.jar:5.3.13]
	at org.springframework.context.support.AbstractApplicationContext.finishRefresh(AbstractApplicationContext.java:935) ~[spring-context-5.3.13.jar:5.3.13]
	at org.springframework.context.support.AbstractApplicationContext.refresh(AbstractApplicationContext.java:586) ~[spring-context-5.3.13.jar:5.3.13]
	at org.springframework.boot.web.servlet.context.ServletWebServerApplicationContext.refresh(ServletWebServerApplicationContext.java:145) ~[spring-boot-2.6.1.jar:2.6.1]
	at org.springframework.boot.SpringApplication.refresh(SpringApplication.java:730) ~[spring-boot-2.6.1.jar:2.6.1]
	at org.springframework.boot.SpringApplication.refreshContext(SpringApplication.java:412) ~[spring-boot-2.6.1.jar:2.6.1]
	at org.springframework.boot.SpringApplication.run(SpringApplication.java:302) ~[spring-boot-2.6.1.jar:2.6.1]
	at org.springframework.boot.SpringApplication.run(SpringApplication.java:1301) ~[spring-boot-2.6.1.jar:2.6.1]
	at org.springframework.boot.SpringApplication.run(SpringApplication.java:1290) ~[spring-boot-2.6.1.jar:2.6.1]
	at com.example.micro.TrainDetails.TrainServiceApplication.main(TrainServiceApplication.java:12) ~[classes/:na]
Caused by: java.lang.NullPointerException: Cannot invoke "org.springframework.web.servlet.mvc.condition.PatternsRequestCondition.toString()" because the return value of "springfox.documentation.spi.service.contexts.Orderings.patternsCondition(springfox.documentation.RequestHandler)" is null
	at springfox.documentation.spi.service.contexts.Orderings$8.compare(Orderings.java:112) ~[springfox-spi-2.9.2.jar:null]
	at springfox.documentation.spi.service.contexts.Orderings$8.compare(Orderings.java:109) ~[springfox-spi-2.9.2.jar:null]
	at com.google.common.collect.ComparatorOrdering.compare(ComparatorOrdering.java:37) ~[guava-20.0.jar:na]
	at java.base/java.util.TimSort.countRunAndMakeAscending(TimSort.java:355) ~[na:na]
	at java.base/java.util.TimSort.sort(TimSort.java:220) ~[na:na]
	at java.base/java.util.Arrays.sort(Arrays.java:1233) ~[na:na]
	at com.google.common.collect.Ordering.sortedCopy(Ordering.java:855) ~[guava-20.0.jar:na]
	at springfox.documentation.spring.web.plugins.WebMvcRequestHandlerProvider.requestHandlers(WebMvcRequestHandlerProvider.java:57) ~[springfox-spring-web-2.9.2.jar:null]
	at springfox.documentation.spring.web.plugins.DocumentationPluginsBootstrapper$2.apply(DocumentationPluginsBootstrapper.java:138) ~[springfox-spring-web-2.9.2.jar:null]
	at springfox.documentation.spring.web.plugins.DocumentationPluginsBootstrapper$2.apply(DocumentationPluginsBootstrapper.java:135) ~[springfox-spring-web-2.9.2.jar:null]
	at com.google.common.collect.Iterators$7.transform(Iterators.java:750) ~[guava-20.0.jar:na]
	at com.google.common.collect.TransformedIterator.next(TransformedIterator.java:47) ~[guava-20.0.jar:na]
	at com.google.common.collect.TransformedIterator.next(TransformedIterator.java:47) ~[guava-20.0.jar:na]
	at com.google.common.collect.MultitransformedIterator.hasNext(MultitransformedIterator.java:52) ~[guava-20.0.jar:na]
	at com.google.common.collect.MultitransformedIterator.hasNext(MultitransformedIterator.java:50) ~[guava-20.0.jar:na]
	at com.google.common.collect.ImmutableList.copyOf(ImmutableList.java:249) ~[guava-20.0.jar:na]
	at com.google.common.collect.ImmutableList.copyOf(ImmutableList.java:209) ~[guava-20.0.jar:na]
	at com.google.common.collect.FluentIterable.toList(FluentIterable.java:614) ~[guava-20.0.jar:na]
	at springfox.documentation.spring.web.plugins.DocumentationPluginsBootstrapper.defaultContextBuilder(DocumentationPluginsBootstrapper.java:111) ~[springfox-spring-web-2.9.2.jar:null]
	at springfox.documentation.spring.web.plugins.DocumentationPluginsBootstrapper.buildContext(DocumentationPluginsBootstrapper.java:96) ~[springfox-spring-web-2.9.2.jar:null]
	at springfox.documentation.spring.web.plugins.DocumentationPluginsBootstrapper.start(DocumentationPluginsBootstrapper.java:167) ~[springfox-spring-web-2.9.2.jar:null]
	at org.springframework.context.support.DefaultLifecycleProcessor.doStart(DefaultLifecycleProcessor.java:178) ~[spring-context-5.3.13.jar:5.3.13]
	... 14 common frames omitted

2022-04-22 00:29:01.916  INFO 7668 --- [main] c.e.m.T.TrainServiceApplication          : Starting TrainServiceApplication using Java 17.0.1 on LAPTOP-9QI3S0HF with PID 7668 (C:\Users\91914\Desktop\Professional\BackEnd\TrainService\target\classes started by 91914 in C:\Users\91914\Desktop\Professional\BackEnd\TrainService)
2022-04-22 00:29:01.920  INFO 7668 --- [main] c.e.m.T.TrainServiceApplication          : No active profile set, falling back to default profiles: default
2022-04-22 00:29:02.819  INFO 7668 --- [main] .s.d.r.c.RepositoryConfigurationDelegate : Bootstrapping Spring Data MongoDB repositories in DEFAULT mode.
2022-04-22 00:29:02.988  INFO 7668 --- [main] .s.d.r.c.RepositoryConfigurationDelegate : Finished Spring Data repository scanning in 162 ms. Found 1 MongoDB repository interfaces.
2022-04-22 00:29:03.321  INFO 7668 --- [main] o.s.cloud.context.scope.GenericScope     : BeanFactory id=f9751fdf-79e6-35a0-ba15-817a3d9172d7
2022-04-22 00:29:03.764  INFO 7668 --- [main] o.s.b.w.embedded.tomcat.TomcatWebServer  : Tomcat initialized with port(s): 8087 (http)
2022-04-22 00:29:03.775  INFO 7668 --- [main] o.apache.catalina.core.StandardService   : Starting service [Tomcat]
2022-04-22 00:29:03.775  INFO 7668 --- [main] org.apache.catalina.core.StandardEngine  : Starting Servlet engine: [Apache Tomcat/9.0.55]
2022-04-22 00:29:04.125  INFO 7668 --- [main] o.a.c.c.C.[Tomcat].[localhost].[/]       : Initializing Spring embedded WebApplicationContext
2022-04-22 00:29:04.126  INFO 7668 --- [main] w.s.c.ServletWebServerApplicationContext : Root WebApplicationContext: initialization completed in 2142 ms
2022-04-22 00:29:05.183  INFO 7668 --- [main] org.mongodb.driver.cluster               : Cluster created with settings {hosts=[127.0.0.1:27017], srvHost=cluster0.4ncjl.mongodb.net, mode=MULTIPLE, requiredClusterType=REPLICA_SET, serverSelectionTimeout='30000 ms', requiredReplicaSetName='atlas-gqfc1z-shard-0'}
2022-04-22 00:29:05.264  INFO 7668 --- [cluster-ClusterId{value='6261a9796b8fcf400bbef26a', description='null'}-srv-cluster0.4ncjl.mongodb.net] org.mongodb.driver.cluster               : Adding discovered server cluster0-shard-00-02.4ncjl.mongodb.net:27017 to client view of cluster
2022-04-22 00:29:05.300  INFO 7668 --- [cluster-ClusterId{value='6261a9796b8fcf400bbef26a', description='null'}-srv-cluster0.4ncjl.mongodb.net] org.mongodb.driver.cluster               : Adding discovered server cluster0-shard-00-01.4ncjl.mongodb.net:27017 to client view of cluster
2022-04-22 00:29:05.301  INFO 7668 --- [cluster-ClusterId{value='6261a9796b8fcf400bbef26a', description='null'}-srv-cluster0.4ncjl.mongodb.net] org.mongodb.driver.cluster               : Adding discovered server cluster0-shard-00-00.4ncjl.mongodb.net:27017 to client view of cluster
2022-04-22 00:29:05.318  WARN 7668 --- [main] o.s.data.convert.CustomConversions       : Registering converter from class java.time.LocalDateTime to class org.joda.time.LocalDateTime as reading converter although it doesn't convert from a store-supported type! You might want to check your annotation setup at the converter implementation.
2022-04-22 00:29:05.472  WARN 7668 --- [main] o.s.data.convert.CustomConversions       : Registering converter from class java.time.LocalDateTime to class org.joda.time.LocalDateTime as reading converter although it doesn't convert from a store-supported type! You might want to check your annotation setup at the converter implementation.
2022-04-22 00:29:05.980  INFO 7668 --- [cluster-ClusterId{value='6261a9796b8fcf400bbef26a', description='null'}-cluster0-shard-00-01.4ncjl.mongodb.net:27017] org.mongodb.driver.connection            : Opened connection [connectionId{localValue:2, serverValue:11069}] to cluster0-shard-00-01.4ncjl.mongodb.net:27017
2022-04-22 00:29:05.980  INFO 7668 --- [cluster-rtt-ClusterId{value='6261a9796b8fcf400bbef26a', description='null'}-cluster0-shard-00-01.4ncjl.mongodb.net:27017] org.mongodb.driver.connection            : Opened connection [connectionId{localValue:6, serverValue:11068}] to cluster0-shard-00-01.4ncjl.mongodb.net:27017
2022-04-22 00:29:05.980  INFO 7668 --- [cluster-ClusterId{value='6261a9796b8fcf400bbef26a', description='null'}-cluster0-shard-00-00.4ncjl.mongodb.net:27017] org.mongodb.driver.connection            : Opened connection [connectionId{localValue:3, serverValue:11495}] to cluster0-shard-00-00.4ncjl.mongodb.net:27017
2022-04-22 00:29:05.980  INFO 7668 --- [cluster-rtt-ClusterId{value='6261a9796b8fcf400bbef26a', description='null'}-cluster0-shard-00-00.4ncjl.mongodb.net:27017] org.mongodb.driver.connection            : Opened connection [connectionId{localValue:4, serverValue:11497}] to cluster0-shard-00-00.4ncjl.mongodb.net:27017
2022-04-22 00:29:05.981  INFO 7668 --- [cluster-ClusterId{value='6261a9796b8fcf400bbef26a', description='null'}-cluster0-shard-00-01.4ncjl.mongodb.net:27017] org.mongodb.driver.cluster               : Monitor thread successfully connected to server with description ServerDescription{address=cluster0-shard-00-01.4ncjl.mongodb.net:27017, type=REPLICA_SET_SECONDARY, state=CONNECTED, ok=true, minWireVersion=0, maxWireVersion=13, maxDocumentSize=16777216, logicalSessionTimeoutMinutes=30, roundTripTimeNanos=443225400, setName='atlas-gqfc1z-shard-0', canonicalAddress=cluster0-shard-00-01.4ncjl.mongodb.net:27017, hosts=[cluster0-shard-00-02.4ncjl.mongodb.net:27017, cluster0-shard-00-01.4ncjl.mongodb.net:27017, cluster0-shard-00-00.4ncjl.mongodb.net:27017], passives=[], arbiters=[], primary='cluster0-shard-00-02.4ncjl.mongodb.net:27017', tagSet=TagSet{[Tag{name='nodeType', value='ELECTABLE'}, Tag{name='provider', value='AWS'}, Tag{name='region', value='AP_SOUTH_1'}, Tag{name='workloadType', value='OPERATIONAL'}]}, electionId=null, setVersion=7, topologyVersion=TopologyVersion{processId=6261304e0613598bf20161b2, counter=3}, lastWriteDate=Fri Apr 22 00:29:05 IST 2022, lastUpdateTimeNanos=385893401623800}
2022-04-22 00:29:05.981  INFO 7668 --- [cluster-ClusterId{value='6261a9796b8fcf400bbef26a', description='null'}-cluster0-shard-00-00.4ncjl.mongodb.net:27017] org.mongodb.driver.cluster               : Monitor thread successfully connected to server with description ServerDescription{address=cluster0-shard-00-00.4ncjl.mongodb.net:27017, type=REPLICA_SET_SECONDARY, state=CONNECTED, ok=true, minWireVersion=0, maxWireVersion=13, maxDocumentSize=16777216, logicalSessionTimeoutMinutes=30, roundTripTimeNanos=433297500, setName='atlas-gqfc1z-shard-0', canonicalAddress=cluster0-shard-00-00.4ncjl.mongodb.net:27017, hosts=[cluster0-shard-00-02.4ncjl.mongodb.net:27017, cluster0-shard-00-01.4ncjl.mongodb.net:27017, cluster0-shard-00-00.4ncjl.mongodb.net:27017], passives=[], arbiters=[], primary='cluster0-shard-00-02.4ncjl.mongodb.net:27017', tagSet=TagSet{[Tag{name='nodeType', value='ELECTABLE'}, Tag{name='provider', value='AWS'}, Tag{name='region', value='AP_SOUTH_1'}, Tag{name='workloadType', value='OPERATIONAL'}]}, electionId=null, setVersion=7, topologyVersion=TopologyVersion{processId=62612d5b66067b919ccfaff5, counter=4}, lastWriteDate=Fri Apr 22 00:29:05 IST 2022, lastUpdateTimeNanos=385893401623800}
2022-04-22 00:29:06.866  INFO 7668 --- [cluster-rtt-ClusterId{value='6261a9796b8fcf400bbef26a', description='null'}-cluster0-shard-00-02.4ncjl.mongodb.net:27017] org.mongodb.driver.connection            : Opened connection [connectionId{localValue:5, serverValue:12016}] to cluster0-shard-00-02.4ncjl.mongodb.net:27017
2022-04-22 00:29:06.867  INFO 7668 --- [cluster-ClusterId{value='6261a9796b8fcf400bbef26a', description='null'}-cluster0-shard-00-02.4ncjl.mongodb.net:27017] org.mongodb.driver.connection            : Opened connection [connectionId{localValue:1, serverValue:11979}] to cluster0-shard-00-02.4ncjl.mongodb.net:27017
2022-04-22 00:29:06.867  INFO 7668 --- [cluster-ClusterId{value='6261a9796b8fcf400bbef26a', description='null'}-cluster0-shard-00-02.4ncjl.mongodb.net:27017] org.mongodb.driver.cluster               : Monitor thread successfully connected to server with description ServerDescription{address=cluster0-shard-00-02.4ncjl.mongodb.net:27017, type=REPLICA_SET_PRIMARY, state=CONNECTED, ok=true, minWireVersion=0, maxWireVersion=13, maxDocumentSize=16777216, logicalSessionTimeoutMinutes=30, roundTripTimeNanos=169035900, setName='atlas-gqfc1z-shard-0', canonicalAddress=cluster0-shard-00-02.4ncjl.mongodb.net:27017, hosts=[cluster0-shard-00-02.4ncjl.mongodb.net:27017, cluster0-shard-00-01.4ncjl.mongodb.net:27017, cluster0-shard-00-00.4ncjl.mongodb.net:27017], passives=[], arbiters=[], primary='cluster0-shard-00-02.4ncjl.mongodb.net:27017', tagSet=TagSet{[Tag{name='nodeType', value='ELECTABLE'}, Tag{name='provider', value='AWS'}, Tag{name='region', value='AP_SOUTH_1'}, Tag{name='workloadType', value='OPERATIONAL'}]}, electionId=7fffffff000000000000007d, setVersion=7, topologyVersion=TopologyVersion{processId=62612ed23821a70477d4a6e9, counter=6}, lastWriteDate=Fri Apr 22 00:29:06 IST 2022, lastUpdateTimeNanos=385894289295900}
2022-04-22 00:29:06.868  INFO 7668 --- [cluster-ClusterId{value='6261a9796b8fcf400bbef26a', description='null'}-cluster0-shard-00-02.4ncjl.mongodb.net:27017] org.mongodb.driver.cluster               : Setting max election id to 7fffffff000000000000007d from replica set primary cluster0-shard-00-02.4ncjl.mongodb.net:27017
2022-04-22 00:29:06.868  INFO 7668 --- [cluster-ClusterId{value='6261a9796b8fcf400bbef26a', description='null'}-cluster0-shard-00-02.4ncjl.mongodb.net:27017] org.mongodb.driver.cluster               : Setting max set version to 7 from replica set primary cluster0-shard-00-02.4ncjl.mongodb.net:27017
2022-04-22 00:29:06.868  INFO 7668 --- [cluster-ClusterId{value='6261a9796b8fcf400bbef26a', description='null'}-cluster0-shard-00-02.4ncjl.mongodb.net:27017] org.mongodb.driver.cluster               : Discovered replica set primary cluster0-shard-00-02.4ncjl.mongodb.net:27017
2022-04-22 00:29:06.944  INFO 7668 --- [main] DiscoveryClientOptionalArgsConfiguration : Eureka HTTP Client uses RestTemplate.
2022-04-22 00:29:07.134  WARN 7668 --- [main] iguration$LoadBalancerCaffeineWarnLogger : Spring Cloud LoadBalancer is currently working with the default cache. You can switch to using Caffeine cache, by adding it and org.springframework.cache.caffeine.CaffeineCacheManager to the classpath.
2022-04-22 00:29:07.162  INFO 7668 --- [main] o.s.c.n.eureka.InstanceInfoFactory       : Setting initial instance status as: STARTING
2022-04-22 00:29:07.262  INFO 7668 --- [main] com.netflix.discovery.DiscoveryClient    : Initializing Eureka in region us-east-1
2022-04-22 00:29:07.271  INFO 7668 --- [main] c.n.d.s.r.aws.ConfigClusterResolver      : Resolving eureka endpoints via configuration
2022-04-22 00:29:07.296  INFO 7668 --- [main] com.netflix.discovery.DiscoveryClient    : Disable delta property : false
2022-04-22 00:29:07.296  INFO 7668 --- [main] com.netflix.discovery.DiscoveryClient    : Single vip registry refresh property : null
2022-04-22 00:29:07.297  INFO 7668 --- [main] com.netflix.discovery.DiscoveryClient    : Force full registry fetch : false
2022-04-22 00:29:07.297  INFO 7668 --- [main] com.netflix.discovery.DiscoveryClient    : Application is null : false
2022-04-22 00:29:07.297  INFO 7668 --- [main] com.netflix.discovery.DiscoveryClient    : Registered Applications size is zero : true
2022-04-22 00:29:07.297  INFO 7668 --- [main] com.netflix.discovery.DiscoveryClient    : Application version is -1: true
2022-04-22 00:29:07.297  INFO 7668 --- [main] com.netflix.discovery.DiscoveryClient    : Getting all instance registry info from the eureka server
2022-04-22 00:29:07.609  INFO 7668 --- [main] com.netflix.discovery.DiscoveryClient    : The response status is 200
2022-04-22 00:29:07.612  INFO 7668 --- [main] com.netflix.discovery.DiscoveryClient    : Starting heartbeat executor: renew interval is: 30
2022-04-22 00:29:07.616  INFO 7668 --- [main] c.n.discovery.InstanceInfoReplicator     : InstanceInfoReplicator onDemand update allowed rate per min is 4
2022-04-22 00:29:07.623  INFO 7668 --- [main] com.netflix.discovery.DiscoveryClient    : Discovery Client initialized at timestamp 1650567547622 with initial instances count: 0
2022-04-22 00:29:07.625  INFO 7668 --- [main] o.s.c.n.e.s.EurekaServiceRegistry        : Registering application TRAINDETAILS with eureka with status UP
2022-04-22 00:29:07.627  INFO 7668 --- [main] com.netflix.discovery.DiscoveryClient    : Saw local status change event StatusChangeEvent [timestamp=1650567547626, current=UP, previous=STARTING]
2022-04-22 00:29:07.628  INFO 7668 --- [DiscoveryClient-InstanceInfoReplicator-0] com.netflix.discovery.DiscoveryClient    : DiscoveryClient_TRAINDETAILS/LAPTOP-9QI3S0HF:TrainDetails:8087: registering service...
2022-04-22 00:29:07.653  INFO 7668 --- [main] o.s.b.w.embedded.tomcat.TomcatWebServer  : Tomcat started on port(s): 8087 (http) with context path ''
2022-04-22 00:29:07.654  INFO 7668 --- [main] .s.c.n.e.s.EurekaAutoServiceRegistration : Updating port to 8087
2022-04-22 00:29:07.678  INFO 7668 --- [DiscoveryClient-InstanceInfoReplicator-0] com.netflix.discovery.DiscoveryClient    : DiscoveryClient_TRAINDETAILS/LAPTOP-9QI3S0HF:TrainDetails:8087 - registration status: 204
2022-04-22 00:29:07.794  INFO 7668 --- [main] c.e.m.T.TrainServiceApplication          : Started TrainServiceApplication in 6.571 seconds (JVM running for 7.331)
2022-04-22 00:29:30.702  INFO 7668 --- [SpringApplicationShutdownHook] o.s.c.n.e.s.EurekaServiceRegistry        : Unregistering application TRAINDETAILS with eureka with status DOWN
2022-04-22 00:29:30.703  INFO 7668 --- [SpringApplicationShutdownHook] com.netflix.discovery.DiscoveryClient    : Saw local status change event StatusChangeEvent [timestamp=1650567570703, current=DOWN, previous=UP]
2022-04-22 00:29:30.703  INFO 7668 --- [DiscoveryClient-InstanceInfoReplicator-0] com.netflix.discovery.DiscoveryClient    : DiscoveryClient_TRAINDETAILS/LAPTOP-9QI3S0HF:TrainDetails:8087: registering service...
2022-04-22 00:29:30.713  INFO 7668 --- [DiscoveryClient-InstanceInfoReplicator-0] com.netflix.discovery.DiscoveryClient    : DiscoveryClient_TRAINDETAILS/LAPTOP-9QI3S0HF:TrainDetails:8087 - registration status: 204
2022-04-22 00:29:30.964  INFO 7668 --- [SpringApplicationShutdownHook] com.netflix.discovery.DiscoveryClient    : Shutting down DiscoveryClient ...
2022-04-22 00:29:33.975  INFO 7668 --- [SpringApplicationShutdownHook] com.netflix.discovery.DiscoveryClient    : Unregistering ...
2022-04-22 00:29:33.978  INFO 7668 --- [SpringApplicationShutdownHook] com.netflix.discovery.DiscoveryClient    : DiscoveryClient_TRAINDETAILS/LAPTOP-9QI3S0HF:TrainDetails:8087 - deregister  status: 200
2022-04-22 00:29:33.983  INFO 7668 --- [SpringApplicationShutdownHook] com.netflix.discovery.DiscoveryClient    : Completed shut down of DiscoveryClient
