2022-04-19 00:09:02.088  INFO 16016 --- [main] c.e.booking.BookingServiceApplication    : Starting BookingServiceApplication using Java 17.0.1 on LAPTOP-9QI3S0HF with PID 16016 (C:\Users\91914\Desktop\RRS_FINAL_WORKSPACE\Single microservice -Main\Booking Service\target\classes started by 91914 in C:\Users\91914\Desktop\RRS_FINAL_WORKSPACE\Single microservice -Main\Booking Service)
2022-04-19 00:09:02.092  INFO 16016 --- [main] c.e.booking.BookingServiceApplication    : No active profile set, falling back to default profiles: default
2022-04-19 00:09:03.573  INFO 16016 --- [main] .s.d.r.c.RepositoryConfigurationDelegate : Bootstrapping Spring Data Reactive MongoDB repositories in DEFAULT mode.
2022-04-19 00:09:03.717  INFO 16016 --- [main] .s.d.r.c.RepositoryConfigurationDelegate : Finished Spring Data repository scanning in 137 ms. Found 0 Reactive MongoDB repository interfaces.
2022-04-19 00:09:03.723  INFO 16016 --- [main] .s.d.r.c.RepositoryConfigurationDelegate : Bootstrapping Spring Data MongoDB repositories in DEFAULT mode.
2022-04-19 00:09:03.748  INFO 16016 --- [main] .s.d.r.c.RepositoryConfigurationDelegate : Finished Spring Data repository scanning in 24 ms. Found 1 MongoDB repository interfaces.
2022-04-19 00:09:04.126  INFO 16016 --- [main] o.s.cloud.context.scope.GenericScope     : BeanFactory id=4face102-f11c-31fb-871f-3c2c467c447e
2022-04-19 00:09:04.275  INFO 16016 --- [main] trationDelegate$BeanPostProcessorChecker : Bean 'org.springframework.cloud.client.loadbalancer.reactive.LoadBalancerBeanPostProcessorAutoConfiguration' of type [org.springframework.cloud.client.loadbalancer.reactive.LoadBalancerBeanPostProcessorAutoConfiguration] is not eligible for getting processed by all BeanPostProcessors (for example: not eligible for auto-proxying)
2022-04-19 00:09:04.278  INFO 16016 --- [main] trationDelegate$BeanPostProcessorChecker : Bean 'org.springframework.cloud.client.loadbalancer.reactive.LoadBalancerBeanPostProcessorAutoConfiguration$ReactorDeferringLoadBalancerFilterConfig' of type [org.springframework.cloud.client.loadbalancer.reactive.LoadBalancerBeanPostProcessorAutoConfiguration$ReactorDeferringLoadBalancerFilterConfig] is not eligible for getting processed by all BeanPostProcessors (for example: not eligible for auto-proxying)
2022-04-19 00:09:04.281  INFO 16016 --- [main] trationDelegate$BeanPostProcessorChecker : Bean 'reactorDeferringLoadBalancerExchangeFilterFunction' of type [org.springframework.cloud.client.loadbalancer.reactive.DeferringLoadBalancerExchangeFilterFunction] is not eligible for getting processed by all BeanPostProcessors (for example: not eligible for auto-proxying)
2022-04-19 00:09:04.655  INFO 16016 --- [main] o.s.b.w.embedded.tomcat.TomcatWebServer  : Tomcat initialized with port(s): 8083 (http)
2022-04-19 00:09:04.667  INFO 16016 --- [main] o.apache.catalina.core.StandardService   : Starting service [Tomcat]
2022-04-19 00:09:04.668  INFO 16016 --- [main] org.apache.catalina.core.StandardEngine  : Starting Servlet engine: [Apache Tomcat/9.0.41]
2022-04-19 00:09:05.070  INFO 16016 --- [main] o.a.c.c.C.[Tomcat].[localhost].[/]       : Initializing Spring embedded WebApplicationContext
2022-04-19 00:09:05.070  INFO 16016 --- [main] w.s.c.ServletWebServerApplicationContext : Root WebApplicationContext: initialization completed in 2914 ms
2022-04-19 00:09:05.654  INFO 16016 --- [main] org.mongodb.driver.cluster               : Cluster created with settings {hosts=[127.0.0.1:27017], srvHost=cluster0.4ncjl.mongodb.net, mode=MULTIPLE, requiredClusterType=REPLICA_SET, serverSelectionTimeout='30000 ms', requiredReplicaSetName='atlas-gqfc1z-shard-0'}
2022-04-19 00:09:05.748  INFO 16016 --- [cluster-ClusterId{value='625db0497e349a7e81292911', description='null'}-srv-cluster0.4ncjl.mongodb.net] org.mongodb.driver.cluster               : Adding discovered server cluster0-shard-00-02.4ncjl.mongodb.net:27017 to client view of cluster
2022-04-19 00:09:05.774  INFO 16016 --- [cluster-ClusterId{value='625db0497e349a7e81292911', description='null'}-srv-cluster0.4ncjl.mongodb.net] org.mongodb.driver.cluster               : Adding discovered server cluster0-shard-00-01.4ncjl.mongodb.net:27017 to client view of cluster
2022-04-19 00:09:05.775  INFO 16016 --- [cluster-ClusterId{value='625db0497e349a7e81292911', description='null'}-srv-cluster0.4ncjl.mongodb.net] org.mongodb.driver.cluster               : Adding discovered server cluster0-shard-00-00.4ncjl.mongodb.net:27017 to client view of cluster
2022-04-19 00:09:05.864  WARN 16016 --- [main] o.s.data.convert.CustomConversions       : Registering converter from class java.time.LocalDateTime to class org.joda.time.LocalDateTime as reading converter although it doesn't convert from a store-supported type! You might want to check your annotation setup at the converter implementation.
2022-04-19 00:09:05.977  WARN 16016 --- [main] o.s.data.convert.CustomConversions       : Registering converter from class java.time.LocalDateTime to class org.joda.time.LocalDateTime as reading converter although it doesn't convert from a store-supported type! You might want to check your annotation setup at the converter implementation.
2022-04-19 00:09:06.785  INFO 16016 --- [main] org.mongodb.driver.cluster               : Cluster created with settings {hosts=[127.0.0.1:27017], srvHost=cluster0.4ncjl.mongodb.net, mode=MULTIPLE, requiredClusterType=REPLICA_SET, serverSelectionTimeout='30000 ms', requiredReplicaSetName='atlas-gqfc1z-shard-0'}
2022-04-19 00:09:06.836  INFO 16016 --- [cluster-ClusterId{value='625db04a7e349a7e81292912', description='null'}-srv-cluster0.4ncjl.mongodb.net] org.mongodb.driver.cluster               : Adding discovered server cluster0-shard-00-02.4ncjl.mongodb.net:27017 to client view of cluster
2022-04-19 00:09:06.838  INFO 16016 --- [cluster-ClusterId{value='625db04a7e349a7e81292912', description='null'}-srv-cluster0.4ncjl.mongodb.net] org.mongodb.driver.cluster               : Adding discovered server cluster0-shard-00-01.4ncjl.mongodb.net:27017 to client view of cluster
2022-04-19 00:09:06.839  INFO 16016 --- [cluster-ClusterId{value='625db04a7e349a7e81292912', description='null'}-srv-cluster0.4ncjl.mongodb.net] org.mongodb.driver.cluster               : Adding discovered server cluster0-shard-00-00.4ncjl.mongodb.net:27017 to client view of cluster
2022-04-19 00:09:07.027  INFO 16016 --- [main] o.s.b.a.e.web.EndpointLinksResolver      : Exposing 2 endpoint(s) beneath base path '/actuator'
2022-04-19 00:09:07.108  INFO 16016 --- [main] pertySourcedRequestMappingHandlerMapping : Mapped URL path [/v2/api-docs] onto method [springfox.documentation.swagger2.web.Swagger2Controller#getDocumentation(String, HttpServletRequest)]
2022-04-19 00:09:07.190  INFO 16016 --- [main] o.s.s.concurrent.ThreadPoolTaskExecutor  : Initializing ExecutorService 'applicationTaskExecutor'
2022-04-19 00:09:07.523  INFO 16016 --- [main] DiscoveryClientOptionalArgsConfiguration : Eureka HTTP Client uses RestTemplate.
2022-04-19 00:09:07.602  WARN 16016 --- [main] iguration$LoadBalancerCaffeineWarnLogger : Spring Cloud LoadBalancer is currently working with the default cache. You can switch to using Caffeine cache, by adding it to the classpath.
2022-04-19 00:09:07.630  INFO 16016 --- [main] o.s.c.n.eureka.InstanceInfoFactory       : Setting initial instance status as: STARTING
2022-04-19 00:09:07.704  INFO 16016 --- [main] com.netflix.discovery.DiscoveryClient    : Initializing Eureka in region us-east-1
2022-04-19 00:09:07.712  INFO 16016 --- [main] c.n.d.s.r.aws.ConfigClusterResolver      : Resolving eureka endpoints via configuration
2022-04-19 00:09:07.758  INFO 16016 --- [main] com.netflix.discovery.DiscoveryClient    : Disable delta property : false
2022-04-19 00:09:07.759  INFO 16016 --- [main] com.netflix.discovery.DiscoveryClient    : Single vip registry refresh property : null
2022-04-19 00:09:07.759  INFO 16016 --- [main] com.netflix.discovery.DiscoveryClient    : Force full registry fetch : false
2022-04-19 00:09:07.760  INFO 16016 --- [main] com.netflix.discovery.DiscoveryClient    : Application is null : false
2022-04-19 00:09:07.760  INFO 16016 --- [main] com.netflix.discovery.DiscoveryClient    : Registered Applications size is zero : true
2022-04-19 00:09:07.760  INFO 16016 --- [main] com.netflix.discovery.DiscoveryClient    : Application version is -1: true
2022-04-19 00:09:07.760  INFO 16016 --- [main] com.netflix.discovery.DiscoveryClient    : Getting all instance registry info from the eureka server
2022-04-19 00:09:07.926  INFO 16016 --- [main] com.netflix.discovery.DiscoveryClient    : The response status is 200
2022-04-19 00:09:07.931  INFO 16016 --- [main] com.netflix.discovery.DiscoveryClient    : Starting heartbeat executor: renew interval is: 30
2022-04-19 00:09:07.937  INFO 16016 --- [main] c.n.discovery.InstanceInfoReplicator     : InstanceInfoReplicator onDemand update allowed rate per min is 4
2022-04-19 00:09:07.948  INFO 16016 --- [main] com.netflix.discovery.DiscoveryClient    : Discovery Client initialized at timestamp 1650307147947 with initial instances count: 0
2022-04-19 00:09:07.950  INFO 16016 --- [main] o.s.c.n.e.s.EurekaServiceRegistry        : Registering application BOOKING-MANAGEMENT SERVICE with eureka with status UP
2022-04-19 00:09:07.951  INFO 16016 --- [main] com.netflix.discovery.DiscoveryClient    : Saw local status change event StatusChangeEvent [timestamp=1650307147951, current=UP, previous=STARTING]
2022-04-19 00:09:07.954  INFO 16016 --- [DiscoveryClient-InstanceInfoReplicator-0] com.netflix.discovery.DiscoveryClient    : DiscoveryClient_BOOKING-MANAGEMENT SERVICE/LAPTOP-9QI3S0HF:Booking-Management service:8083: registering service...
2022-04-19 00:09:07.971  INFO 16016 --- [main] o.s.b.w.embedded.tomcat.TomcatWebServer  : Tomcat started on port(s): 8083 (http) with context path ''
2022-04-19 00:09:07.973  INFO 16016 --- [main] .s.c.n.e.s.EurekaAutoServiceRegistration : Updating port to 8083
2022-04-19 00:09:07.999  INFO 16016 --- [DiscoveryClient-InstanceInfoReplicator-0] com.netflix.discovery.DiscoveryClient    : DiscoveryClient_BOOKING-MANAGEMENT SERVICE/LAPTOP-9QI3S0HF:Booking-Management service:8083 - registration status: 204
2022-04-19 00:09:08.167  INFO 16016 --- [main] d.s.w.p.DocumentationPluginsBootstrapper : Context refreshed
2022-04-19 00:09:08.182  INFO 16016 --- [main] d.s.w.p.DocumentationPluginsBootstrapper : Found 1 custom documentation plugin(s)
2022-04-19 00:09:08.218  INFO 16016 --- [main] s.d.s.w.s.ApiListingReferenceScanner     : Scanning for api listing references
2022-04-19 00:09:08.369  INFO 16016 --- [main] .d.s.w.r.o.CachingOperationNameGenerator : Generating unique operation named: handleUsingGET_1
2022-04-19 00:09:08.371  INFO 16016 --- [main] .d.s.w.r.o.CachingOperationNameGenerator : Generating unique operation named: handleUsingGET_2
2022-04-19 00:09:08.402  INFO 16016 --- [main] c.e.booking.BookingServiceApplication    : Started BookingServiceApplication in 7.019 seconds (JVM running for 7.888)
2022-04-19 00:09:16.782  INFO 16016 --- [cluster-ClusterId{value='625db0497e349a7e81292911', description='null'}-cluster0-shard-00-02.4ncjl.mongodb.net:27017] org.mongodb.driver.connection            : Opened connection [connectionId{localValue:2, serverValue:182125}] to cluster0-shard-00-02.4ncjl.mongodb.net:27017
2022-04-19 00:09:16.782  INFO 16016 --- [cluster-rtt-ClusterId{value='625db0497e349a7e81292911', description='null'}-cluster0-shard-00-02.4ncjl.mongodb.net:27017] org.mongodb.driver.connection            : Opened connection [connectionId{localValue:1, serverValue:182045}] to cluster0-shard-00-02.4ncjl.mongodb.net:27017
2022-04-19 00:09:16.782  INFO 16016 --- [cluster-ClusterId{value='625db0497e349a7e81292911', description='null'}-cluster0-shard-00-00.4ncjl.mongodb.net:27017] org.mongodb.driver.connection            : Opened connection [connectionId{localValue:3, serverValue:175911}] to cluster0-shard-00-00.4ncjl.mongodb.net:27017
2022-04-19 00:09:16.782  INFO 16016 --- [cluster-ClusterId{value='625db0497e349a7e81292911', description='null'}-cluster0-shard-00-01.4ncjl.mongodb.net:27017] org.mongodb.driver.connection            : Opened connection [connectionId{localValue:5, serverValue:175838}] to cluster0-shard-00-01.4ncjl.mongodb.net:27017
2022-04-19 00:09:16.782  INFO 16016 --- [cluster-rtt-ClusterId{value='625db0497e349a7e81292911', description='null'}-cluster0-shard-00-00.4ncjl.mongodb.net:27017] org.mongodb.driver.connection            : Opened connection [connectionId{localValue:6, serverValue:175912}] to cluster0-shard-00-00.4ncjl.mongodb.net:27017
2022-04-19 00:09:16.782  INFO 16016 --- [cluster-rtt-ClusterId{value='625db0497e349a7e81292911', description='null'}-cluster0-shard-00-01.4ncjl.mongodb.net:27017] org.mongodb.driver.connection            : Opened connection [connectionId{localValue:4, serverValue:175823}] to cluster0-shard-00-01.4ncjl.mongodb.net:27017
2022-04-19 00:09:16.782  INFO 16016 --- [cluster-ClusterId{value='625db0497e349a7e81292911', description='null'}-cluster0-shard-00-00.4ncjl.mongodb.net:27017] org.mongodb.driver.cluster               : Monitor thread successfully connected to server with description ServerDescription{address=cluster0-shard-00-00.4ncjl.mongodb.net:27017, type=REPLICA_SET_SECONDARY, state=CONNECTED, ok=true, minWireVersion=0, maxWireVersion=13, maxDocumentSize=16777216, logicalSessionTimeoutMinutes=30, roundTripTimeNanos=421237700, setName='atlas-gqfc1z-shard-0', canonicalAddress=cluster0-shard-00-00.4ncjl.mongodb.net:27017, hosts=[cluster0-shard-00-02.4ncjl.mongodb.net:27017, cluster0-shard-00-01.4ncjl.mongodb.net:27017, cluster0-shard-00-00.4ncjl.mongodb.net:27017], passives=[], arbiters=[], primary='cluster0-shard-00-02.4ncjl.mongodb.net:27017', tagSet=TagSet{[Tag{name='nodeType', value='ELECTABLE'}, Tag{name='provider', value='AWS'}, Tag{name='region', value='AP_SOUTH_1'}, Tag{name='workloadType', value='OPERATIONAL'}]}, electionId=null, setVersion=7, topologyVersion=TopologyVersion{processId=6255b06267c53e9bfaa25c53, counter=4}, lastWriteDate=Tue Apr 19 00:09:16 IST 2022, lastUpdateTimeNanos=125502989091900}
2022-04-19 00:09:16.782  INFO 16016 --- [cluster-ClusterId{value='625db0497e349a7e81292911', description='null'}-cluster0-shard-00-02.4ncjl.mongodb.net:27017] org.mongodb.driver.cluster               : Monitor thread successfully connected to server with description ServerDescription{address=cluster0-shard-00-02.4ncjl.mongodb.net:27017, type=REPLICA_SET_PRIMARY, state=CONNECTED, ok=true, minWireVersion=0, maxWireVersion=13, maxDocumentSize=16777216, logicalSessionTimeoutMinutes=30, roundTripTimeNanos=415930300, setName='atlas-gqfc1z-shard-0', canonicalAddress=cluster0-shard-00-02.4ncjl.mongodb.net:27017, hosts=[cluster0-shard-00-02.4ncjl.mongodb.net:27017, cluster0-shard-00-01.4ncjl.mongodb.net:27017, cluster0-shard-00-00.4ncjl.mongodb.net:27017], passives=[], arbiters=[], primary='cluster0-shard-00-02.4ncjl.mongodb.net:27017', tagSet=TagSet{[Tag{name='nodeType', value='ELECTABLE'}, Tag{name='provider', value='AWS'}, Tag{name='region', value='AP_SOUTH_1'}, Tag{name='workloadType', value='OPERATIONAL'}]}, electionId=7fffffff000000000000007b, setVersion=7, topologyVersion=TopologyVersion{processId=6255b0bd695c326e239ab70e, counter=6}, lastWriteDate=Tue Apr 19 00:09:16 IST 2022, lastUpdateTimeNanos=125502989091900}
2022-04-19 00:09:16.782  INFO 16016 --- [cluster-ClusterId{value='625db0497e349a7e81292911', description='null'}-cluster0-shard-00-01.4ncjl.mongodb.net:27017] org.mongodb.driver.cluster               : Monitor thread successfully connected to server with description ServerDescription{address=cluster0-shard-00-01.4ncjl.mongodb.net:27017, type=REPLICA_SET_SECONDARY, state=CONNECTED, ok=true, minWireVersion=0, maxWireVersion=13, maxDocumentSize=16777216, logicalSessionTimeoutMinutes=30, roundTripTimeNanos=406667000, setName='atlas-gqfc1z-shard-0', canonicalAddress=cluster0-shard-00-01.4ncjl.mongodb.net:27017, hosts=[cluster0-shard-00-02.4ncjl.mongodb.net:27017, cluster0-shard-00-01.4ncjl.mongodb.net:27017, cluster0-shard-00-00.4ncjl.mongodb.net:27017], passives=[], arbiters=[], primary='cluster0-shard-00-02.4ncjl.mongodb.net:27017', tagSet=TagSet{[Tag{name='nodeType', value='ELECTABLE'}, Tag{name='provider', value='AWS'}, Tag{name='region', value='AP_SOUTH_1'}, Tag{name='workloadType', value='OPERATIONAL'}]}, electionId=null, setVersion=7, topologyVersion=TopologyVersion{processId=6255b11d8c6d4ad00e1c1fb9, counter=3}, lastWriteDate=Tue Apr 19 00:09:16 IST 2022, lastUpdateTimeNanos=125502989175900}
2022-04-19 00:09:16.784  INFO 16016 --- [cluster-ClusterId{value='625db0497e349a7e81292911', description='null'}-cluster0-shard-00-02.4ncjl.mongodb.net:27017] org.mongodb.driver.cluster               : Setting max election id to 7fffffff000000000000007b from replica set primary cluster0-shard-00-02.4ncjl.mongodb.net:27017
2022-04-19 00:09:16.784  INFO 16016 --- [cluster-ClusterId{value='625db0497e349a7e81292911', description='null'}-cluster0-shard-00-02.4ncjl.mongodb.net:27017] org.mongodb.driver.cluster               : Setting max set version to 7 from replica set primary cluster0-shard-00-02.4ncjl.mongodb.net:27017
2022-04-19 00:09:16.784  INFO 16016 --- [cluster-ClusterId{value='625db0497e349a7e81292911', description='null'}-cluster0-shard-00-02.4ncjl.mongodb.net:27017] org.mongodb.driver.cluster               : Discovered replica set primary cluster0-shard-00-02.4ncjl.mongodb.net:27017
2022-04-19 00:09:17.115  INFO 16016 --- [cluster-rtt-ClusterId{value='625db04a7e349a7e81292912', description='null'}-cluster0-shard-00-00.4ncjl.mongodb.net:27017] org.mongodb.driver.connection            : Opened connection [connectionId{localValue:11, serverValue:175912}] to cluster0-shard-00-00.4ncjl.mongodb.net:27017
2022-04-19 00:09:17.115  INFO 16016 --- [cluster-ClusterId{value='625db04a7e349a7e81292912', description='null'}-cluster0-shard-00-00.4ncjl.mongodb.net:27017] org.mongodb.driver.connection            : Opened connection [connectionId{localValue:10, serverValue:175912}] to cluster0-shard-00-00.4ncjl.mongodb.net:27017
2022-04-19 00:09:17.116  INFO 16016 --- [cluster-ClusterId{value='625db04a7e349a7e81292912', description='null'}-cluster0-shard-00-00.4ncjl.mongodb.net:27017] org.mongodb.driver.cluster               : Monitor thread successfully connected to server with description ServerDescription{address=cluster0-shard-00-00.4ncjl.mongodb.net:27017, type=REPLICA_SET_SECONDARY, state=CONNECTED, ok=true, minWireVersion=0, maxWireVersion=13, maxDocumentSize=16777216, logicalSessionTimeoutMinutes=30, roundTripTimeNanos=191206000, setName='atlas-gqfc1z-shard-0', canonicalAddress=cluster0-shard-00-00.4ncjl.mongodb.net:27017, hosts=[cluster0-shard-00-02.4ncjl.mongodb.net:27017, cluster0-shard-00-01.4ncjl.mongodb.net:27017, cluster0-shard-00-00.4ncjl.mongodb.net:27017], passives=[], arbiters=[], primary='cluster0-shard-00-02.4ncjl.mongodb.net:27017', tagSet=TagSet{[Tag{name='nodeType', value='ELECTABLE'}, Tag{name='provider', value='AWS'}, Tag{name='region', value='AP_SOUTH_1'}, Tag{name='workloadType', value='OPERATIONAL'}]}, electionId=null, setVersion=7, topologyVersion=TopologyVersion{processId=6255b06267c53e9bfaa25c53, counter=4}, lastWriteDate=Tue Apr 19 00:09:17 IST 2022, lastUpdateTimeNanos=125503325196700}
2022-04-19 00:09:17.117  INFO 16016 --- [cluster-ClusterId{value='625db04a7e349a7e81292912', description='null'}-cluster0-shard-00-01.4ncjl.mongodb.net:27017] org.mongodb.driver.connection            : Opened connection [connectionId{localValue:9, serverValue:175843}] to cluster0-shard-00-01.4ncjl.mongodb.net:27017
2022-04-19 00:09:17.117  INFO 16016 --- [cluster-rtt-ClusterId{value='625db04a7e349a7e81292912', description='null'}-cluster0-shard-00-02.4ncjl.mongodb.net:27017] org.mongodb.driver.connection            : Opened connection [connectionId{localValue:8, serverValue:182125}] to cluster0-shard-00-02.4ncjl.mongodb.net:27017
2022-04-19 00:09:17.118  INFO 16016 --- [cluster-rtt-ClusterId{value='625db04a7e349a7e81292912', description='null'}-cluster0-shard-00-01.4ncjl.mongodb.net:27017] org.mongodb.driver.connection            : Opened connection [connectionId{localValue:12, serverValue:175843}] to cluster0-shard-00-01.4ncjl.mongodb.net:27017
2022-04-19 00:09:17.118  INFO 16016 --- [cluster-ClusterId{value='625db04a7e349a7e81292912', description='null'}-cluster0-shard-00-01.4ncjl.mongodb.net:27017] org.mongodb.driver.cluster               : Monitor thread successfully connected to server with description ServerDescription{address=cluster0-shard-00-01.4ncjl.mongodb.net:27017, type=REPLICA_SET_SECONDARY, state=CONNECTED, ok=true, minWireVersion=0, maxWireVersion=13, maxDocumentSize=16777216, logicalSessionTimeoutMinutes=30, roundTripTimeNanos=163920600, setName='atlas-gqfc1z-shard-0', canonicalAddress=cluster0-shard-00-01.4ncjl.mongodb.net:27017, hosts=[cluster0-shard-00-02.4ncjl.mongodb.net:27017, cluster0-shard-00-01.4ncjl.mongodb.net:27017, cluster0-shard-00-00.4ncjl.mongodb.net:27017], passives=[], arbiters=[], primary='cluster0-shard-00-02.4ncjl.mongodb.net:27017', tagSet=TagSet{[Tag{name='nodeType', value='ELECTABLE'}, Tag{name='provider', value='AWS'}, Tag{name='region', value='AP_SOUTH_1'}, Tag{name='workloadType', value='OPERATIONAL'}]}, electionId=null, setVersion=7, topologyVersion=TopologyVersion{processId=6255b11d8c6d4ad00e1c1fb9, counter=3}, lastWriteDate=Tue Apr 19 00:09:17 IST 2022, lastUpdateTimeNanos=125503327505400}
2022-04-19 00:09:17.149  INFO 16016 --- [cluster-ClusterId{value='625db04a7e349a7e81292912', description='null'}-cluster0-shard-00-02.4ncjl.mongodb.net:27017] org.mongodb.driver.connection            : Opened connection [connectionId{localValue:7, serverValue:182125}] to cluster0-shard-00-02.4ncjl.mongodb.net:27017
2022-04-19 00:09:17.149  INFO 16016 --- [cluster-ClusterId{value='625db04a7e349a7e81292912', description='null'}-cluster0-shard-00-02.4ncjl.mongodb.net:27017] org.mongodb.driver.cluster               : Monitor thread successfully connected to server with description ServerDescription{address=cluster0-shard-00-02.4ncjl.mongodb.net:27017, type=REPLICA_SET_PRIMARY, state=CONNECTED, ok=true, minWireVersion=0, maxWireVersion=13, maxDocumentSize=16777216, logicalSessionTimeoutMinutes=30, roundTripTimeNanos=216094000, setName='atlas-gqfc1z-shard-0', canonicalAddress=cluster0-shard-00-02.4ncjl.mongodb.net:27017, hosts=[cluster0-shard-00-02.4ncjl.mongodb.net:27017, cluster0-shard-00-01.4ncjl.mongodb.net:27017, cluster0-shard-00-00.4ncjl.mongodb.net:27017], passives=[], arbiters=[], primary='cluster0-shard-00-02.4ncjl.mongodb.net:27017', tagSet=TagSet{[Tag{name='nodeType', value='ELECTABLE'}, Tag{name='provider', value='AWS'}, Tag{name='region', value='AP_SOUTH_1'}, Tag{name='workloadType', value='OPERATIONAL'}]}, electionId=7fffffff000000000000007b, setVersion=7, topologyVersion=TopologyVersion{processId=6255b0bd695c326e239ab70e, counter=6}, lastWriteDate=Tue Apr 19 00:09:17 IST 2022, lastUpdateTimeNanos=125503359060600}
2022-04-19 00:09:17.150  INFO 16016 --- [cluster-ClusterId{value='625db04a7e349a7e81292912', description='null'}-cluster0-shard-00-02.4ncjl.mongodb.net:27017] org.mongodb.driver.cluster               : Setting max election id to 7fffffff000000000000007b from replica set primary cluster0-shard-00-02.4ncjl.mongodb.net:27017
2022-04-19 00:09:17.150  INFO 16016 --- [cluster-ClusterId{value='625db04a7e349a7e81292912', description='null'}-cluster0-shard-00-02.4ncjl.mongodb.net:27017] org.mongodb.driver.cluster               : Setting max set version to 7 from replica set primary cluster0-shard-00-02.4ncjl.mongodb.net:27017
2022-04-19 00:09:17.150  INFO 16016 --- [cluster-ClusterId{value='625db04a7e349a7e81292912', description='null'}-cluster0-shard-00-02.4ncjl.mongodb.net:27017] org.mongodb.driver.cluster               : Discovered replica set primary cluster0-shard-00-02.4ncjl.mongodb.net:27017
2022-04-19 00:09:34.036  INFO 16016 --- [http-nio-8083-exec-2] o.a.c.c.C.[Tomcat].[localhost].[/]       : Initializing Spring DispatcherServlet 'dispatcherServlet'
2022-04-19 00:09:34.037  INFO 16016 --- [http-nio-8083-exec-2] o.s.web.servlet.DispatcherServlet        : Initializing Servlet 'dispatcherServlet'
2022-04-19 00:09:34.039  INFO 16016 --- [http-nio-8083-exec-2] o.s.web.servlet.DispatcherServlet        : Completed initialization in 1 ms
2022-04-19 00:09:34.078  INFO 16016 --- [http-nio-8083-exec-2] c.e.booking.controller.BookController    : [getBooking] info booking
2022-04-19 00:09:34.078  WARN 16016 --- [http-nio-8083-exec-2] c.e.booking.controller.BookController    : [getBooking] warn booking
2022-04-19 00:09:34.079 ERROR 16016 --- [http-nio-8083-exec-2] c.e.booking.controller.BookController    : [getBooking] error booking
2022-04-19 00:09:34.079 DEBUG 16016 --- [http-nio-8083-exec-2] c.e.booking.controller.BookController    : [getBooking] debug booking
2022-04-19 00:09:37.939  INFO 16016 --- [DiscoveryClient-CacheRefreshExecutor-0] com.netflix.discovery.DiscoveryClient    : Disable delta property : false
2022-04-19 00:09:37.940  INFO 16016 --- [DiscoveryClient-CacheRefreshExecutor-0] com.netflix.discovery.DiscoveryClient    : Single vip registry refresh property : null
2022-04-19 00:09:37.940  INFO 16016 --- [DiscoveryClient-CacheRefreshExecutor-0] com.netflix.discovery.DiscoveryClient    : Force full registry fetch : false
2022-04-19 00:09:37.940  INFO 16016 --- [DiscoveryClient-CacheRefreshExecutor-0] com.netflix.discovery.DiscoveryClient    : Application is null : false
2022-04-19 00:09:37.941  INFO 16016 --- [DiscoveryClient-CacheRefreshExecutor-0] com.netflix.discovery.DiscoveryClient    : Registered Applications size is zero : true
2022-04-19 00:09:37.941  INFO 16016 --- [DiscoveryClient-CacheRefreshExecutor-0] com.netflix.discovery.DiscoveryClient    : Application version is -1: false
2022-04-19 00:09:37.942  INFO 16016 --- [DiscoveryClient-CacheRefreshExecutor-0] com.netflix.discovery.DiscoveryClient    : Getting all instance registry info from the eureka server
2022-04-19 00:09:37.954  INFO 16016 --- [DiscoveryClient-CacheRefreshExecutor-0] com.netflix.discovery.DiscoveryClient    : The response status is 200
2022-04-19 00:09:44.590  INFO 16016 --- [http-nio-8083-exec-2] org.mongodb.driver.connection            : Opened connection [connectionId{localValue:13, serverValue:182027}] to cluster0-shard-00-02.4ncjl.mongodb.net:27017
2022-04-19 00:10:11.859  INFO 16016 --- [SpringContextShutdownHook] o.s.c.n.e.s.EurekaServiceRegistry        : Unregistering application BOOKING-MANAGEMENT SERVICE with eureka with status DOWN
2022-04-19 00:10:11.860  INFO 16016 --- [SpringContextShutdownHook] com.netflix.discovery.DiscoveryClient    : Saw local status change event StatusChangeEvent [timestamp=1650307211860, current=DOWN, previous=UP]
2022-04-19 00:10:11.860  INFO 16016 --- [DiscoveryClient-InstanceInfoReplicator-0] com.netflix.discovery.DiscoveryClient    : DiscoveryClient_BOOKING-MANAGEMENT SERVICE/LAPTOP-9QI3S0HF:Booking-Management service:8083: registering service...
2022-04-19 00:10:11.878  INFO 16016 --- [DiscoveryClient-InstanceInfoReplicator-0] com.netflix.discovery.DiscoveryClient    : DiscoveryClient_BOOKING-MANAGEMENT SERVICE/LAPTOP-9QI3S0HF:Booking-Management service:8083 - registration status: 204
2022-04-19 00:10:12.160  INFO 16016 --- [SpringContextShutdownHook] o.s.s.concurrent.ThreadPoolTaskExecutor  : Shutting down ExecutorService 'applicationTaskExecutor'
2022-04-19 00:10:12.263  INFO 16016 --- [SpringContextShutdownHook] org.mongodb.driver.connection            : Closed connection [connectionId{localValue:13, serverValue:182027}] to cluster0-shard-00-02.4ncjl.mongodb.net:27017 because the pool has been closed.
2022-04-19 00:10:14.353  INFO 16016 --- [SpringContextShutdownHook] com.netflix.discovery.DiscoveryClient    : Shutting down DiscoveryClient ...
2022-04-19 00:10:17.370  INFO 16016 --- [SpringContextShutdownHook] com.netflix.discovery.DiscoveryClient    : Unregistering ...
2022-04-19 00:10:17.373  INFO 16016 --- [SpringContextShutdownHook] com.netflix.discovery.DiscoveryClient    : DiscoveryClient_BOOKING-MANAGEMENT SERVICE/LAPTOP-9QI3S0HF:Booking-Management service:8083 - deregister  status: 200
2022-04-19 00:10:17.377  INFO 16016 --- [SpringContextShutdownHook] com.netflix.discovery.DiscoveryClient    : Completed shut down of DiscoveryClient
2022-04-19 00:10:39,685 INFO  StartupInfoLogger:55 - [] Starting BookingServiceApplication using Java 17.0.1 on LAPTOP-9QI3S0HF with PID 10112 (C:\Users\91914\Desktop\RRS_FINAL_WORKSPACE\Single microservice -Main\Booking Service\target\classes started by 91914 in C:\Users\91914\Desktop\RRS_FINAL_WORKSPACE\Single microservice -Main\Booking Service)
2022-04-19 00:10:39,689 INFO  SpringApplication:660 - [] No active profile set, falling back to default profiles: default
2022-04-19 00:10:41,149 INFO  RepositoryConfigurationDelegate:128 - [] Bootstrapping Spring Data Reactive MongoDB repositories in DEFAULT mode.
2022-04-19 00:10:41,290 INFO  RepositoryConfigurationDelegate:188 - [] Finished Spring Data repository scanning in 137 ms. Found 0 Reactive MongoDB repository interfaces.
2022-04-19 00:10:41,298 INFO  RepositoryConfigurationDelegate:128 - [] Bootstrapping Spring Data MongoDB repositories in DEFAULT mode.
2022-04-19 00:10:41,323 INFO  RepositoryConfigurationDelegate:188 - [] Finished Spring Data repository scanning in 24 ms. Found 1 MongoDB repository interfaces.
2022-04-19 00:10:41,678 INFO  GenericScope:288 - [] BeanFactory id=4face102-f11c-31fb-871f-3c2c467c447e
2022-04-19 00:10:41,837 INFO  PostProcessorRegistrationDelegate$BeanPostProcessorChecker:350 - [] Bean 'org.springframework.cloud.client.loadbalancer.reactive.LoadBalancerBeanPostProcessorAutoConfiguration' of type [org.springframework.cloud.client.loadbalancer.reactive.LoadBalancerBeanPostProcessorAutoConfiguration] is not eligible for getting processed by all BeanPostProcessors (for example: not eligible for auto-proxying)
2022-04-19 00:10:41,839 INFO  PostProcessorRegistrationDelegate$BeanPostProcessorChecker:350 - [] Bean 'org.springframework.cloud.client.loadbalancer.reactive.LoadBalancerBeanPostProcessorAutoConfiguration$ReactorDeferringLoadBalancerFilterConfig' of type [org.springframework.cloud.client.loadbalancer.reactive.LoadBalancerBeanPostProcessorAutoConfiguration$ReactorDeferringLoadBalancerFilterConfig] is not eligible for getting processed by all BeanPostProcessors (for example: not eligible for auto-proxying)
2022-04-19 00:10:41,842 INFO  PostProcessorRegistrationDelegate$BeanPostProcessorChecker:350 - [] Bean 'reactorDeferringLoadBalancerExchangeFilterFunction' of type [org.springframework.cloud.client.loadbalancer.reactive.DeferringLoadBalancerExchangeFilterFunction] is not eligible for getting processed by all BeanPostProcessors (for example: not eligible for auto-proxying)
2022-04-19 00:10:42,251 INFO  TomcatWebServer:108 - [] Tomcat initialized with port(s): 8083 (http)
2022-04-19 00:10:42,269 INFO  DirectJDKLog:173 - [] Starting service [Tomcat]
2022-04-19 00:10:42,270 INFO  DirectJDKLog:173 - [] Starting Servlet engine: [Apache Tomcat/9.0.41]
2022-04-19 00:10:42,731 INFO  DirectJDKLog:173 - [] Initializing Spring embedded WebApplicationContext
2022-04-19 00:10:42,732 INFO  ServletWebServerApplicationContext:289 - [] Root WebApplicationContext: initialization completed in 2986 ms
2022-04-19 00:10:43,516 INFO  SLF4JLogger:71 - [] Cluster created with settings {hosts=[127.0.0.1:27017], srvHost=cluster0.4ncjl.mongodb.net, mode=MULTIPLE, requiredClusterType=REPLICA_SET, serverSelectionTimeout='30000 ms', requiredReplicaSetName='atlas-gqfc1z-shard-0'}
2022-04-19 00:10:43,582 INFO  SLF4JLogger:71 - [] Adding discovered server cluster0-shard-00-02.4ncjl.mongodb.net:27017 to client view of cluster
2022-04-19 00:10:43,613 INFO  SLF4JLogger:71 - [] Adding discovered server cluster0-shard-00-01.4ncjl.mongodb.net:27017 to client view of cluster
2022-04-19 00:10:43,615 INFO  SLF4JLogger:71 - [] Adding discovered server cluster0-shard-00-00.4ncjl.mongodb.net:27017 to client view of cluster
2022-04-19 00:10:43,666 WARN  CustomConversions:260 - [] Registering converter from class java.time.LocalDateTime to class org.joda.time.LocalDateTime as reading converter although it doesn't convert from a store-supported type! You might want to check your annotation setup at the converter implementation.
2022-04-19 00:10:43,775 WARN  CustomConversions:260 - [] Registering converter from class java.time.LocalDateTime to class org.joda.time.LocalDateTime as reading converter although it doesn't convert from a store-supported type! You might want to check your annotation setup at the converter implementation.
2022-04-19 00:10:49,130 INFO  SLF4JLogger:71 - [] Cluster created with settings {hosts=[127.0.0.1:27017], srvHost=cluster0.4ncjl.mongodb.net, mode=MULTIPLE, requiredClusterType=REPLICA_SET, serverSelectionTimeout='30000 ms', requiredReplicaSetName='atlas-gqfc1z-shard-0'}
2022-04-19 00:10:49,231 INFO  SLF4JLogger:71 - [] Adding discovered server cluster0-shard-00-02.4ncjl.mongodb.net:27017 to client view of cluster
2022-04-19 00:10:49,232 INFO  SLF4JLogger:71 - [] Adding discovered server cluster0-shard-00-01.4ncjl.mongodb.net:27017 to client view of cluster
2022-04-19 00:10:49,233 INFO  SLF4JLogger:71 - [] Adding discovered server cluster0-shard-00-00.4ncjl.mongodb.net:27017 to client view of cluster
2022-04-19 00:10:49,455 INFO  EndpointLinksResolver:58 - [] Exposing 2 endpoint(s) beneath base path '/actuator'
2022-04-19 00:10:49,547 INFO  PropertySourcedRequestMappingHandlerMapping:69 - [] Mapped URL path [/v2/api-docs] onto method [springfox.documentation.swagger2.web.Swagger2Controller#getDocumentation(String, HttpServletRequest)]
2022-04-19 00:10:49,640 INFO  ExecutorConfigurationSupport:181 - [] Initializing ExecutorService 'applicationTaskExecutor'
2022-04-19 00:10:49,953 INFO  DiscoveryClientOptionalArgsConfiguration:68 - [] Eureka HTTP Client uses RestTemplate.
2022-04-19 00:10:50,037 WARN  LoadBalancerCacheAutoConfiguration$LoadBalancerCaffeineWarnLogger:79 - [] Spring Cloud LoadBalancer is currently working with the default cache. You can switch to using Caffeine cache, by adding it to the classpath.
2022-04-19 00:10:50,067 INFO  InstanceInfoFactory:67 - [] Setting initial instance status as: STARTING
2022-04-19 00:10:50,142 INFO  DiscoveryClient:372 - [] Initializing Eureka in region us-east-1
2022-04-19 00:10:50,150 INFO  ConfigClusterResolver:43 - [] Resolving eureka endpoints via configuration
2022-04-19 00:10:50,196 INFO  DiscoveryClient:1007 - [] Disable delta property : false
2022-04-19 00:10:50,197 INFO  DiscoveryClient:1008 - [] Single vip registry refresh property : null
2022-04-19 00:10:50,197 INFO  DiscoveryClient:1009 - [] Force full registry fetch : false
2022-04-19 00:10:50,198 INFO  DiscoveryClient:1010 - [] Application is null : false
2022-04-19 00:10:50,198 INFO  DiscoveryClient:1011 - [] Registered Applications size is zero : true
2022-04-19 00:10:50,198 INFO  DiscoveryClient:1013 - [] Application version is -1: true
2022-04-19 00:10:50,198 INFO  DiscoveryClient:1097 - [] Getting all instance registry info from the eureka server
2022-04-19 00:10:50,358 INFO  DiscoveryClient:1106 - [] The response status is 200
2022-04-19 00:10:50,361 INFO  DiscoveryClient:1321 - [] Starting heartbeat executor: renew interval is: 30
2022-04-19 00:10:50,364 INFO  InstanceInfoReplicator:60 - [] InstanceInfoReplicator onDemand update allowed rate per min is 4
2022-04-19 00:10:50,370 INFO  DiscoveryClient:492 - [] Discovery Client initialized at timestamp 1650307250369 with initial instances count: 0
2022-04-19 00:10:50,372 INFO  EurekaServiceRegistry:41 - [] Registering application BOOKING-MANAGEMENT SERVICE with eureka with status UP
2022-04-19 00:10:50,373 INFO  DiscoveryClient$3:1352 - [] Saw local status change event StatusChangeEvent [timestamp=1650307250373, current=UP, previous=STARTING]
2022-04-19 00:10:50,374 INFO  DiscoveryClient:873 - [] DiscoveryClient_BOOKING-MANAGEMENT SERVICE/LAPTOP-9QI3S0HF:Booking-Management service:8083: registering service...
2022-04-19 00:10:50,392 INFO  TomcatWebServer:220 - [] Tomcat started on port(s): 8083 (http) with context path ''
2022-04-19 00:10:50,393 INFO  EurekaAutoServiceRegistration:144 - [] Updating port to 8083
2022-04-19 00:10:50,416 INFO  DiscoveryClient:882 - [] DiscoveryClient_BOOKING-MANAGEMENT SERVICE/LAPTOP-9QI3S0HF:Booking-Management service:8083 - registration status: 204
2022-04-19 00:10:50,598 INFO  DocumentationPluginsBootstrapper:160 - [] Context refreshed
2022-04-19 00:10:50,613 INFO  DocumentationPluginsBootstrapper:163 - [] Found 1 custom documentation plugin(s)
2022-04-19 00:10:50,657 INFO  ApiListingReferenceScanner:41 - [] Scanning for api listing references
2022-04-19 00:10:50,763 INFO  CachingOperationNameGenerator:40 - [] Generating unique operation named: handleUsingGET_1
2022-04-19 00:10:50,765 INFO  CachingOperationNameGenerator:40 - [] Generating unique operation named: handleUsingGET_2
2022-04-19 00:10:50,792 INFO  StartupInfoLogger:61 - [] Started BookingServiceApplication in 11.726 seconds (JVM running for 12.73)
2022-04-19 00:10:54,603 INFO  SLF4JLogger:71 - [] Opened connection [connectionId{localValue:3, serverValue:182135}] to cluster0-shard-00-02.4ncjl.mongodb.net:27017
2022-04-19 00:10:54,603 INFO  SLF4JLogger:71 - [] Opened connection [connectionId{localValue:6, serverValue:175874}] to cluster0-shard-00-01.4ncjl.mongodb.net:27017
2022-04-19 00:10:54,603 INFO  SLF4JLogger:71 - [] Opened connection [connectionId{localValue:2, serverValue:175875}] to cluster0-shard-00-01.4ncjl.mongodb.net:27017
2022-04-19 00:10:54,603 INFO  SLF4JLogger:71 - [] Opened connection [connectionId{localValue:4, serverValue:182155}] to cluster0-shard-00-02.4ncjl.mongodb.net:27017
2022-04-19 00:10:54,603 INFO  SLF4JLogger:71 - [] Opened connection [connectionId{localValue:5, serverValue:175949}] to cluster0-shard-00-00.4ncjl.mongodb.net:27017
2022-04-19 00:10:54,603 INFO  SLF4JLogger:71 - [] Opened connection [connectionId{localValue:1, serverValue:175948}] to cluster0-shard-00-00.4ncjl.mongodb.net:27017
2022-04-19 00:10:54,604 INFO  SLF4JLogger:71 - [] Monitor thread successfully connected to server with description ServerDescription{address=cluster0-shard-00-02.4ncjl.mongodb.net:27017, type=REPLICA_SET_PRIMARY, state=CONNECTED, ok=true, minWireVersion=0, maxWireVersion=13, maxDocumentSize=16777216, logicalSessionTimeoutMinutes=30, roundTripTimeNanos=374838700, setName='atlas-gqfc1z-shard-0', canonicalAddress=cluster0-shard-00-02.4ncjl.mongodb.net:27017, hosts=[cluster0-shard-00-02.4ncjl.mongodb.net:27017, cluster0-shard-00-01.4ncjl.mongodb.net:27017, cluster0-shard-00-00.4ncjl.mongodb.net:27017], passives=[], arbiters=[], primary='cluster0-shard-00-02.4ncjl.mongodb.net:27017', tagSet=TagSet{[Tag{name='nodeType', value='ELECTABLE'}, Tag{name='provider', value='AWS'}, Tag{name='region', value='AP_SOUTH_1'}, Tag{name='workloadType', value='OPERATIONAL'}]}, electionId=7fffffff000000000000007b, setVersion=7, topologyVersion=TopologyVersion{processId=6255b0bd695c326e239ab70e, counter=6}, lastWriteDate=Tue Apr 19 00:10:54 IST 2022, lastUpdateTimeNanos=125600809828600}
2022-04-19 00:10:54,604 INFO  SLF4JLogger:71 - [] Monitor thread successfully connected to server with description ServerDescription{address=cluster0-shard-00-00.4ncjl.mongodb.net:27017, type=REPLICA_SET_SECONDARY, state=CONNECTED, ok=true, minWireVersion=0, maxWireVersion=13, maxDocumentSize=16777216, logicalSessionTimeoutMinutes=30, roundTripTimeNanos=466970500, setName='atlas-gqfc1z-shard-0', canonicalAddress=cluster0-shard-00-00.4ncjl.mongodb.net:27017, hosts=[cluster0-shard-00-02.4ncjl.mongodb.net:27017, cluster0-shard-00-01.4ncjl.mongodb.net:27017, cluster0-shard-00-00.4ncjl.mongodb.net:27017], passives=[], arbiters=[], primary='cluster0-shard-00-02.4ncjl.mongodb.net:27017', tagSet=TagSet{[Tag{name='nodeType', value='ELECTABLE'}, Tag{name='provider', value='AWS'}, Tag{name='region', value='AP_SOUTH_1'}, Tag{name='workloadType', value='OPERATIONAL'}]}, electionId=null, setVersion=7, topologyVersion=TopologyVersion{processId=6255b06267c53e9bfaa25c53, counter=4}, lastWriteDate=Tue Apr 19 00:10:54 IST 2022, lastUpdateTimeNanos=125600809935400}
2022-04-19 00:10:54,604 INFO  SLF4JLogger:71 - [] Monitor thread successfully connected to server with description ServerDescription{address=cluster0-shard-00-01.4ncjl.mongodb.net:27017, type=REPLICA_SET_SECONDARY, state=CONNECTED, ok=true, minWireVersion=0, maxWireVersion=13, maxDocumentSize=16777216, logicalSessionTimeoutMinutes=30, roundTripTimeNanos=446994500, setName='atlas-gqfc1z-shard-0', canonicalAddress=cluster0-shard-00-01.4ncjl.mongodb.net:27017, hosts=[cluster0-shard-00-02.4ncjl.mongodb.net:27017, cluster0-shard-00-01.4ncjl.mongodb.net:27017, cluster0-shard-00-00.4ncjl.mongodb.net:27017], passives=[], arbiters=[], primary='cluster0-shard-00-02.4ncjl.mongodb.net:27017', tagSet=TagSet{[Tag{name='nodeType', value='ELECTABLE'}, Tag{name='provider', value='AWS'}, Tag{name='region', value='AP_SOUTH_1'}, Tag{name='workloadType', value='OPERATIONAL'}]}, electionId=null, setVersion=7, topologyVersion=TopologyVersion{processId=6255b11d8c6d4ad00e1c1fb9, counter=3}, lastWriteDate=Tue Apr 19 00:10:54 IST 2022, lastUpdateTimeNanos=125600810034200}
2022-04-19 00:10:54,607 INFO  SLF4JLogger:71 - [] Setting max election id to 7fffffff000000000000007b from replica set primary cluster0-shard-00-02.4ncjl.mongodb.net:27017
2022-04-19 00:10:54,608 INFO  SLF4JLogger:71 - [] Setting max set version to 7 from replica set primary cluster0-shard-00-02.4ncjl.mongodb.net:27017
2022-04-19 00:10:54,608 INFO  SLF4JLogger:71 - [] Discovered replica set primary cluster0-shard-00-02.4ncjl.mongodb.net:27017
2022-04-19 00:10:57,756 INFO  DirectJDKLog:173 - [] Initializing Spring DispatcherServlet 'dispatcherServlet'
2022-04-19 00:10:57,756 INFO  FrameworkServlet:525 - [] Initializing Servlet 'dispatcherServlet'
2022-04-19 00:10:57,757 INFO  FrameworkServlet:547 - [] Completed initialization in 1 ms
2022-04-19 00:10:57,793 INFO  BookController:54 - [] [getBooking] info booking
2022-04-19 00:10:57,794 WARN  BookController:55 - [] [getBooking] warn booking
2022-04-19 00:10:57,794 ERROR BookController:56 - [] [getBooking] error booking
2022-04-19 00:10:57,794 DEBUG BookController:57 - [] [getBooking] debug booking
2022-04-19 00:10:59,534 INFO  SLF4JLogger:71 - [] Opened connection [connectionId{localValue:9, serverValue:175872}] to cluster0-shard-00-01.4ncjl.mongodb.net:27017
2022-04-19 00:10:59,534 INFO  SLF4JLogger:71 - [] Opened connection [connectionId{localValue:8, serverValue:182134}] to cluster0-shard-00-02.4ncjl.mongodb.net:27017
2022-04-19 00:10:59,535 INFO  SLF4JLogger:71 - [] Opened connection [connectionId{localValue:10, serverValue:175872}] to cluster0-shard-00-01.4ncjl.mongodb.net:27017
2022-04-19 00:10:59,535 INFO  SLF4JLogger:71 - [] Monitor thread successfully connected to server with description ServerDescription{address=cluster0-shard-00-01.4ncjl.mongodb.net:27017, type=REPLICA_SET_SECONDARY, state=CONNECTED, ok=true, minWireVersion=0, maxWireVersion=13, maxDocumentSize=16777216, logicalSessionTimeoutMinutes=30, roundTripTimeNanos=204462400, setName='atlas-gqfc1z-shard-0', canonicalAddress=cluster0-shard-00-01.4ncjl.mongodb.net:27017, hosts=[cluster0-shard-00-02.4ncjl.mongodb.net:27017, cluster0-shard-00-01.4ncjl.mongodb.net:27017, cluster0-shard-00-00.4ncjl.mongodb.net:27017], passives=[], arbiters=[], primary='cluster0-shard-00-02.4ncjl.mongodb.net:27017', tagSet=TagSet{[Tag{name='nodeType', value='ELECTABLE'}, Tag{name='provider', value='AWS'}, Tag{name='region', value='AP_SOUTH_1'}, Tag{name='workloadType', value='OPERATIONAL'}]}, electionId=null, setVersion=7, topologyVersion=TopologyVersion{processId=6255b11d8c6d4ad00e1c1fb9, counter=3}, lastWriteDate=Tue Apr 19 00:10:59 IST 2022, lastUpdateTimeNanos=125605742517500}
2022-04-19 00:10:59,543 INFO  SLF4JLogger:71 - [] Opened connection [connectionId{localValue:12, serverValue:175944}] to cluster0-shard-00-00.4ncjl.mongodb.net:27017
2022-04-19 00:10:59,543 INFO  SLF4JLogger:71 - [] Opened connection [connectionId{localValue:11, serverValue:175914}] to cluster0-shard-00-00.4ncjl.mongodb.net:27017
2022-04-19 00:10:59,544 INFO  SLF4JLogger:71 - [] Monitor thread successfully connected to server with description ServerDescription{address=cluster0-shard-00-00.4ncjl.mongodb.net:27017, type=REPLICA_SET_SECONDARY, state=CONNECTED, ok=true, minWireVersion=0, maxWireVersion=13, maxDocumentSize=16777216, logicalSessionTimeoutMinutes=30, roundTripTimeNanos=214761900, setName='atlas-gqfc1z-shard-0', canonicalAddress=cluster0-shard-00-00.4ncjl.mongodb.net:27017, hosts=[cluster0-shard-00-02.4ncjl.mongodb.net:27017, cluster0-shard-00-01.4ncjl.mongodb.net:27017, cluster0-shard-00-00.4ncjl.mongodb.net:27017], passives=[], arbiters=[], primary='cluster0-shard-00-02.4ncjl.mongodb.net:27017', tagSet=TagSet{[Tag{name='nodeType', value='ELECTABLE'}, Tag{name='provider', value='AWS'}, Tag{name='region', value='AP_SOUTH_1'}, Tag{name='workloadType', value='OPERATIONAL'}]}, electionId=null, setVersion=7, topologyVersion=TopologyVersion{processId=6255b06267c53e9bfaa25c53, counter=4}, lastWriteDate=Tue Apr 19 00:10:59 IST 2022, lastUpdateTimeNanos=125605752478200}
2022-04-19 00:10:59,569 INFO  SLF4JLogger:71 - [] Opened connection [connectionId{localValue:7, serverValue:182134}] to cluster0-shard-00-02.4ncjl.mongodb.net:27017
2022-04-19 00:10:59,569 INFO  SLF4JLogger:71 - [] Monitor thread successfully connected to server with description ServerDescription{address=cluster0-shard-00-02.4ncjl.mongodb.net:27017, type=REPLICA_SET_PRIMARY, state=CONNECTED, ok=true, minWireVersion=0, maxWireVersion=13, maxDocumentSize=16777216, logicalSessionTimeoutMinutes=30, roundTripTimeNanos=187112400, setName='atlas-gqfc1z-shard-0', canonicalAddress=cluster0-shard-00-02.4ncjl.mongodb.net:27017, hosts=[cluster0-shard-00-02.4ncjl.mongodb.net:27017, cluster0-shard-00-01.4ncjl.mongodb.net:27017, cluster0-shard-00-00.4ncjl.mongodb.net:27017], passives=[], arbiters=[], primary='cluster0-shard-00-02.4ncjl.mongodb.net:27017', tagSet=TagSet{[Tag{name='nodeType', value='ELECTABLE'}, Tag{name='provider', value='AWS'}, Tag{name='region', value='AP_SOUTH_1'}, Tag{name='workloadType', value='OPERATIONAL'}]}, electionId=7fffffff000000000000007b, setVersion=7, topologyVersion=TopologyVersion{processId=6255b0bd695c326e239ab70e, counter=6}, lastWriteDate=Tue Apr 19 00:10:59 IST 2022, lastUpdateTimeNanos=125605778448000}
2022-04-19 00:10:59,570 INFO  SLF4JLogger:71 - [] Setting max election id to 7fffffff000000000000007b from replica set primary cluster0-shard-00-02.4ncjl.mongodb.net:27017
2022-04-19 00:10:59,570 INFO  SLF4JLogger:71 - [] Setting max set version to 7 from replica set primary cluster0-shard-00-02.4ncjl.mongodb.net:27017
2022-04-19 00:10:59,570 INFO  SLF4JLogger:71 - [] Discovered replica set primary cluster0-shard-00-02.4ncjl.mongodb.net:27017
2022-04-19 00:11:08,319 INFO  SLF4JLogger:71 - [] Opened connection [connectionId{localValue:13, serverValue:182132}] to cluster0-shard-00-02.4ncjl.mongodb.net:27017
2022-04-19 00:11:20,375 INFO  DiscoveryClient:1007 - [] Disable delta property : false
2022-04-19 00:11:20,375 INFO  DiscoveryClient:1008 - [] Single vip registry refresh property : null
2022-04-19 00:11:20,376 INFO  DiscoveryClient:1009 - [] Force full registry fetch : false
2022-04-19 00:11:20,376 INFO  DiscoveryClient:1010 - [] Application is null : false
2022-04-19 00:11:20,376 INFO  DiscoveryClient:1011 - [] Registered Applications size is zero : true
2022-04-19 00:11:20,376 INFO  DiscoveryClient:1013 - [] Application version is -1: false
2022-04-19 00:11:20,376 INFO  DiscoveryClient:1097 - [] Getting all instance registry info from the eureka server
2022-04-19 00:11:20,385 INFO  DiscoveryClient:1106 - [] The response status is 200
2022-04-19 00:11:36,700 INFO  BookController:33 - [] [postBooking] info booking
2022-04-19 00:11:36,700 WARN  BookController:34 - [] [postBooking] warn booking
2022-04-19 00:11:36,700 ERROR BookController:35 - [] [postBooking] error booking
2022-04-19 00:11:36,700 DEBUG BookController:36 - [] [postBooking] debug booking
2022-04-19 00:11:49,583 INFO  EurekaServiceRegistry:62 - [] Unregistering application BOOKING-MANAGEMENT SERVICE with eureka with status DOWN
2022-04-19 00:11:49,584 INFO  DiscoveryClient$3:1352 - [] Saw local status change event StatusChangeEvent [timestamp=1650307309584, current=DOWN, previous=UP]
2022-04-19 00:11:49,584 INFO  DiscoveryClient:873 - [] DiscoveryClient_BOOKING-MANAGEMENT SERVICE/LAPTOP-9QI3S0HF:Booking-Management service:8083: registering service...
2022-04-19 00:11:49,595 INFO  DiscoveryClient:882 - [] DiscoveryClient_BOOKING-MANAGEMENT SERVICE/LAPTOP-9QI3S0HF:Booking-Management service:8083 - registration status: 204
2022-04-19 00:11:49,626 INFO  ExecutorConfigurationSupport:218 - [] Shutting down ExecutorService 'applicationTaskExecutor'
2022-04-19 00:11:49,707 INFO  SLF4JLogger:71 - [] Closed connection [connectionId{localValue:13, serverValue:182132}] to cluster0-shard-00-02.4ncjl.mongodb.net:27017 because the pool has been closed.
2022-04-19 00:11:51,782 INFO  DiscoveryClient:935 - [] Shutting down DiscoveryClient ...
2022-04-19 00:11:54,791 INFO  DiscoveryClient:971 - [] Unregistering ...
2022-04-19 00:11:54,796 INFO  DiscoveryClient:973 - [] DiscoveryClient_BOOKING-MANAGEMENT SERVICE/LAPTOP-9QI3S0HF:Booking-Management service:8083 - deregister  status: 200
2022-04-19 00:11:54,800 INFO  DiscoveryClient:960 - [] Completed shut down of DiscoveryClient
