2022-04-24 19:41:09,976 INFO  TrainController:39 - [] [postTrain] info train
2022-04-24 19:41:09,981 WARN  TrainController:40 - [] [postTrain] warn train
2022-04-24 19:41:09,982 ERROR TrainController:41 - [] [postTrain] error train
2022-04-24 19:41:09,982 DEBUG TrainController:42 - [] [postTrain] debug train
2022-04-24 19:41:16,136 INFO  TrainController:80 - [] [deleteTrain] info train
2022-04-24 19:41:16,138 WARN  TrainController:81 - [] [deleteTrain] warn train
2022-04-24 19:41:16,138 ERROR TrainController:82 - [] [deleteTrain] error train
2022-04-24 19:41:16,138 DEBUG TrainController:83 - [] [deleteTrain] debug train
2022-04-24 19:45:08,356 INFO  TrainController:80 - [] [deleteTrain] info train
2022-04-24 19:45:08,357 WARN  TrainController:81 - [] [deleteTrain] warn train
2022-04-24 19:45:08,358 ERROR TrainController:82 - [] [deleteTrain] error train
2022-04-24 19:45:08,359 DEBUG TrainController:83 - [] [deleteTrain] debug train
2022-04-24 20:14:16,679 INFO  TrainController:40 - [] [postTrain] info train
2022-04-24 20:14:16,682 WARN  TrainController:41 - [] [postTrain] warn train
2022-04-24 20:14:16,683 ERROR TrainController:42 - [] [postTrain] error train
2022-04-24 20:14:16,683 DEBUG TrainController:43 - [] [postTrain] debug train
2022-04-24 20:14:23,002 INFO  TrainController:81 - [] [deleteTrain] info train
2022-04-24 20:14:23,002 WARN  TrainController:82 - [] [deleteTrain] warn train
2022-04-24 20:14:23,003 ERROR TrainController:83 - [] [deleteTrain] error train
2022-04-24 20:14:23,003 DEBUG TrainController:84 - [] [deleteTrain] debug train
