2022-04-22 11:15:17,140 INFO  TrainController:80 - [] [deleteTrain] info train
2022-04-22 11:15:17,157 WARN  TrainController:81 - [] [deleteTrain] warn train
2022-04-22 11:15:17,158 ERROR TrainController:82 - [] [deleteTrain] error train
2022-04-22 11:15:17,158 DEBUG TrainController:83 - [] [deleteTrain] debug train
2022-04-22 11:39:55,905 INFO  TrainController:80 - [] [deleteTrain] info train
2022-04-22 11:39:55,908 WARN  TrainController:81 - [] [deleteTrain] warn train
2022-04-22 11:39:55,908 ERROR TrainController:82 - [] [deleteTrain] error train
2022-04-22 11:39:55,908 DEBUG TrainController:83 - [] [deleteTrain] debug train
2022-04-22 11:39:59,933 INFO  TrainController:80 - [] [deleteTrain] info train
2022-04-22 11:39:59,933 WARN  TrainController:81 - [] [deleteTrain] warn train
2022-04-22 11:39:59,934 ERROR TrainController:82 - [] [deleteTrain] error train
2022-04-22 11:39:59,934 DEBUG TrainController:83 - [] [deleteTrain] debug train
2022-04-22 11:40:03,495 INFO  TrainController:80 - [] [deleteTrain] info train
2022-04-22 11:40:03,496 WARN  TrainController:81 - [] [deleteTrain] warn train
2022-04-22 11:40:03,496 ERROR TrainController:82 - [] [deleteTrain] error train
2022-04-22 11:40:03,496 DEBUG TrainController:83 - [] [deleteTrain] debug train
2022-04-22 11:40:07,655 INFO  TrainController:80 - [] [deleteTrain] info train
2022-04-22 11:40:07,655 WARN  TrainController:81 - [] [deleteTrain] warn train
2022-04-22 11:40:07,656 ERROR TrainController:82 - [] [deleteTrain] error train
2022-04-22 11:40:07,656 DEBUG TrainController:83 - [] [deleteTrain] debug train
2022-04-22 11:45:40,006 INFO  TrainController:39 - [] [postTrain] info train
2022-04-22 11:45:40,006 WARN  TrainController:40 - [] [postTrain] warn train
2022-04-22 11:45:40,007 ERROR TrainController:41 - [] [postTrain] error train
2022-04-22 11:45:40,007 DEBUG TrainController:42 - [] [postTrain] debug train
2022-04-22 11:48:03,186 INFO  TrainController:39 - [] [postTrain] info train
2022-04-22 11:48:03,187 WARN  TrainController:40 - [] [postTrain] warn train
2022-04-22 11:48:03,187 ERROR TrainController:41 - [] [postTrain] error train
2022-04-22 11:48:03,187 DEBUG TrainController:42 - [] [postTrain] debug train
2022-04-22 11:49:23,200 INFO  TrainController:39 - [] [postTrain] info train
2022-04-22 11:49:23,200 WARN  TrainController:40 - [] [postTrain] warn train
2022-04-22 11:49:23,200 ERROR TrainController:41 - [] [postTrain] error train
2022-04-22 11:49:23,201 DEBUG TrainController:42 - [] [postTrain] debug train
2022-04-22 11:50:42,468 INFO  TrainController:39 - [] [postTrain] info train
2022-04-22 11:50:42,469 WARN  TrainController:40 - [] [postTrain] warn train
2022-04-22 11:50:42,470 ERROR TrainController:41 - [] [postTrain] error train
2022-04-22 11:50:42,470 DEBUG TrainController:42 - [] [postTrain] debug train
2022-04-22 11:52:16,070 INFO  TrainController:39 - [] [postTrain] info train
2022-04-22 11:52:16,070 WARN  TrainController:40 - [] [postTrain] warn train
2022-04-22 11:52:16,070 ERROR TrainController:41 - [] [postTrain] error train
2022-04-22 11:52:16,070 DEBUG TrainController:42 - [] [postTrain] debug train
2022-04-22 11:54:05,020 INFO  TrainController:39 - [] [postTrain] info train
2022-04-22 11:54:05,020 WARN  TrainController:40 - [] [postTrain] warn train
2022-04-22 11:54:05,020 ERROR TrainController:41 - [] [postTrain] error train
2022-04-22 11:54:05,021 DEBUG TrainController:42 - [] [postTrain] debug train
2022-04-22 11:54:29,370 INFO  TrainController:39 - [] [postTrain] info train
2022-04-22 11:54:29,371 WARN  TrainController:40 - [] [postTrain] warn train
2022-04-22 11:54:29,371 ERROR TrainController:41 - [] [postTrain] error train
2022-04-22 11:54:29,372 DEBUG TrainController:42 - [] [postTrain] debug train
2022-04-22 11:54:47,832 INFO  TrainController:80 - [] [deleteTrain] info train
2022-04-22 11:54:47,833 WARN  TrainController:81 - [] [deleteTrain] warn train
2022-04-22 11:54:47,833 ERROR TrainController:82 - [] [deleteTrain] error train
2022-04-22 11:54:47,833 DEBUG TrainController:83 - [] [deleteTrain] debug train
2022-04-22 11:55:00,189 INFO  TrainController:39 - [] [postTrain] info train
2022-04-22 11:55:00,190 WARN  TrainController:40 - [] [postTrain] warn train
2022-04-22 11:55:00,190 ERROR TrainController:41 - [] [postTrain] error train
2022-04-22 11:55:00,190 DEBUG TrainController:42 - [] [postTrain] debug train
2022-04-22 11:55:03,788 INFO  TrainController:80 - [] [deleteTrain] info train
2022-04-22 11:55:03,789 WARN  TrainController:81 - [] [deleteTrain] warn train
2022-04-22 11:55:03,789 ERROR TrainController:82 - [] [deleteTrain] error train
2022-04-22 11:55:03,790 DEBUG TrainController:83 - [] [deleteTrain] debug train
2022-04-22 11:56:32,640 INFO  TrainController:39 - [] [postTrain] info train
2022-04-22 11:56:32,641 WARN  TrainController:40 - [] [postTrain] warn train
2022-04-22 11:56:32,641 ERROR TrainController:41 - [] [postTrain] error train
2022-04-22 11:56:32,641 DEBUG TrainController:42 - [] [postTrain] debug train
2022-04-22 11:57:57,850 INFO  TrainController:39 - [] [postTrain] info train
2022-04-22 11:57:57,850 WARN  TrainController:40 - [] [postTrain] warn train
2022-04-22 11:57:57,851 ERROR TrainController:41 - [] [postTrain] error train
2022-04-22 11:57:57,851 DEBUG TrainController:42 - [] [postTrain] debug train
2022-04-22 11:59:24,848 INFO  TrainController:39 - [] [postTrain] info train
2022-04-22 11:59:24,849 WARN  TrainController:40 - [] [postTrain] warn train
2022-04-22 11:59:24,849 ERROR TrainController:41 - [] [postTrain] error train
2022-04-22 11:59:24,850 DEBUG TrainController:42 - [] [postTrain] debug train
2022-04-22 12:00:45,200 INFO  TrainController:39 - [] [postTrain] info train
2022-04-22 12:00:45,201 WARN  TrainController:40 - [] [postTrain] warn train
2022-04-22 12:00:45,201 ERROR TrainController:41 - [] [postTrain] error train
2022-04-22 12:00:45,201 DEBUG TrainController:42 - [] [postTrain] debug train
2022-04-22 14:51:27,081 INFO  TrainController:80 - [] [deleteTrain] info train
2022-04-22 14:51:27,123 WARN  TrainController:81 - [] [deleteTrain] warn train
2022-04-22 14:51:27,132 ERROR TrainController:82 - [] [deleteTrain] error train
2022-04-22 14:51:27,135 DEBUG TrainController:83 - [] [deleteTrain] debug train
