2022-04-25 12:30:35,146 INFO  TrainController:47 - [] [postTrain] info train
2022-04-25 12:30:35,159 WARN  TrainController:48 - [] [postTrain] warn train
2022-04-25 12:30:35,160 ERROR TrainController:49 - [] [postTrain] error train
2022-04-25 12:30:35,161 DEBUG TrainController:50 - [] [postTrain] debug train
2022-04-25 12:31:48,193 INFO  TrainController:47 - [] [postTrain] info train
2022-04-25 12:31:48,193 WARN  TrainController:48 - [] [postTrain] warn train
2022-04-25 12:31:48,194 ERROR TrainController:49 - [] [postTrain] error train
2022-04-25 12:31:48,194 DEBUG TrainController:50 - [] [postTrain] debug train
2022-04-25 12:32:15,896 INFO  TrainController:122 - [] [deleteTrain] info train
2022-04-25 12:32:15,897 WARN  TrainController:123 - [] [deleteTrain] warn train
2022-04-25 12:32:15,897 ERROR TrainController:124 - [] [deleteTrain] error train
2022-04-25 12:32:15,903 DEBUG TrainController:125 - [] [deleteTrain] debug train
2022-04-25 12:33:25,309 INFO  TrainController:47 - [] [postTrain] info train
2022-04-25 12:33:25,310 WARN  TrainController:48 - [] [postTrain] warn train
2022-04-25 12:33:25,310 ERROR TrainController:49 - [] [postTrain] error train
2022-04-25 12:33:25,310 DEBUG TrainController:50 - [] [postTrain] debug train
2022-04-25 12:34:21,334 INFO  TrainController:47 - [] [postTrain] info train
2022-04-25 12:34:21,335 WARN  TrainController:48 - [] [postTrain] warn train
2022-04-25 12:34:21,335 ERROR TrainController:49 - [] [postTrain] error train
2022-04-25 12:34:21,336 DEBUG TrainController:50 - [] [postTrain] debug train
2022-04-25 12:35:29,375 INFO  TrainController:47 - [] [postTrain] info train
2022-04-25 12:35:29,376 WARN  TrainController:48 - [] [postTrain] warn train
2022-04-25 12:35:29,376 ERROR TrainController:49 - [] [postTrain] error train
2022-04-25 12:35:29,377 DEBUG TrainController:50 - [] [postTrain] debug train
2022-04-25 12:36:17,976 INFO  TrainController:47 - [] [postTrain] info train
2022-04-25 12:36:17,976 WARN  TrainController:48 - [] [postTrain] warn train
2022-04-25 12:36:17,977 ERROR TrainController:49 - [] [postTrain] error train
2022-04-25 12:36:17,977 DEBUG TrainController:50 - [] [postTrain] debug train
2022-04-25 12:37:02,112 INFO  TrainController:47 - [] [postTrain] info train
2022-04-25 12:37:02,113 WARN  TrainController:48 - [] [postTrain] warn train
2022-04-25 12:37:02,113 ERROR TrainController:49 - [] [postTrain] error train
2022-04-25 12:37:02,114 DEBUG TrainController:50 - [] [postTrain] debug train
2022-04-25 12:37:13,301 INFO  TrainController:122 - [] [deleteTrain] info train
2022-04-25 12:37:13,302 WARN  TrainController:123 - [] [deleteTrain] warn train
2022-04-25 12:37:13,302 ERROR TrainController:124 - [] [deleteTrain] error train
2022-04-25 12:37:13,303 DEBUG TrainController:125 - [] [deleteTrain] debug train
2022-04-25 12:37:18,940 INFO  TrainController:122 - [] [deleteTrain] info train
2022-04-25 12:37:18,941 WARN  TrainController:123 - [] [deleteTrain] warn train
2022-04-25 12:37:18,941 ERROR TrainController:124 - [] [deleteTrain] error train
2022-04-25 12:37:18,941 DEBUG TrainController:125 - [] [deleteTrain] debug train
2022-04-25 12:37:57,051 INFO  TrainController:47 - [] [postTrain] info train
2022-04-25 12:37:57,051 WARN  TrainController:48 - [] [postTrain] warn train
2022-04-25 12:37:57,051 ERROR TrainController:49 - [] [postTrain] error train
2022-04-25 12:37:57,053 DEBUG TrainController:50 - [] [postTrain] debug train
2022-04-25 12:39:20,002 INFO  TrainController:47 - [] [postTrain] info train
2022-04-25 12:39:20,003 WARN  TrainController:48 - [] [postTrain] warn train
2022-04-25 12:39:20,003 ERROR TrainController:49 - [] [postTrain] error train
2022-04-25 12:39:20,003 DEBUG TrainController:50 - [] [postTrain] debug train
2022-04-25 12:40:29,839 INFO  TrainController:47 - [] [postTrain] info train
2022-04-25 12:40:29,841 WARN  TrainController:48 - [] [postTrain] warn train
2022-04-25 12:40:29,842 ERROR TrainController:49 - [] [postTrain] error train
2022-04-25 12:40:29,842 DEBUG TrainController:50 - [] [postTrain] debug train
2022-04-25 12:42:22,648 INFO  TrainController:47 - [] [postTrain] info train
2022-04-25 12:42:22,650 WARN  TrainController:48 - [] [postTrain] warn train
2022-04-25 12:42:22,650 ERROR TrainController:49 - [] [postTrain] error train
2022-04-25 12:42:22,650 DEBUG TrainController:50 - [] [postTrain] debug train
2022-04-25 12:43:52,430 INFO  TrainController:47 - [] [postTrain] info train
2022-04-25 12:43:52,430 WARN  TrainController:48 - [] [postTrain] warn train
2022-04-25 12:43:52,431 ERROR TrainController:49 - [] [postTrain] error train
2022-04-25 12:43:52,431 DEBUG TrainController:50 - [] [postTrain] debug train
2022-04-25 12:44:52,096 INFO  TrainController:47 - [] [postTrain] info train
2022-04-25 12:44:52,098 WARN  TrainController:48 - [] [postTrain] warn train
2022-04-25 12:44:52,098 ERROR TrainController:49 - [] [postTrain] error train
2022-04-25 12:44:52,098 DEBUG TrainController:50 - [] [postTrain] debug train
2022-04-25 13:39:18,078 INFO  TrainController:47 - [] [postTrain] info train
2022-04-25 13:39:18,087 WARN  TrainController:48 - [] [postTrain] warn train
2022-04-25 13:39:18,087 ERROR TrainController:49 - [] [postTrain] error train
2022-04-25 13:39:18,087 DEBUG TrainController:50 - [] [postTrain] debug train
2022-04-25 13:39:21,468 INFO  TrainController:122 - [] [deleteTrain] info train
2022-04-25 13:39:21,468 WARN  TrainController:123 - [] [deleteTrain] warn train
2022-04-25 13:39:21,468 ERROR TrainController:124 - [] [deleteTrain] error train
2022-04-25 13:39:21,469 DEBUG TrainController:125 - [] [deleteTrain] debug train
