2022-04-26 01:50:15,321 INFO  TrainController:45 - [] [postTrain] info train
2022-04-26 01:50:15,343 WARN  TrainController:46 - [] [postTrain] warn train
2022-04-26 01:50:15,344 ERROR TrainController:47 - [] [postTrain] error train
2022-04-26 01:50:15,346 DEBUG TrainController:48 - [] [postTrain] debug train
2022-04-26 01:51:06,891 INFO  TrainController:120 - [] [deleteTrain] info train
2022-04-26 01:51:06,892 WARN  TrainController:121 - [] [deleteTrain] warn train
2022-04-26 01:51:06,892 ERROR TrainController:122 - [] [deleteTrain] error train
2022-04-26 01:51:06,893 DEBUG TrainController:123 - [] [deleteTrain] debug train
2022-04-26 01:51:21,545 INFO  TrainController:120 - [] [deleteTrain] info train
2022-04-26 01:51:21,545 WARN  TrainController:121 - [] [deleteTrain] warn train
2022-04-26 01:51:21,548 ERROR TrainController:122 - [] [deleteTrain] error train
2022-04-26 01:51:21,548 DEBUG TrainController:123 - [] [deleteTrain] debug train
2022-04-26 01:52:40,365 INFO  TrainController:120 - [] [deleteTrain] info train
2022-04-26 01:52:40,365 WARN  TrainController:121 - [] [deleteTrain] warn train
2022-04-26 01:52:40,365 ERROR TrainController:122 - [] [deleteTrain] error train
2022-04-26 01:52:40,366 DEBUG TrainController:123 - [] [deleteTrain] debug train
2022-04-26 01:57:32,924 INFO  TrainController:120 - [] [deleteTrain] info train
2022-04-26 01:57:32,929 WARN  TrainController:121 - [] [deleteTrain] warn train
2022-04-26 01:57:32,930 ERROR TrainController:122 - [] [deleteTrain] error train
2022-04-26 01:57:32,930 DEBUG TrainController:123 - [] [deleteTrain] debug train
2022-04-26 01:57:49,974 INFO  TrainController:45 - [] [postTrain] info train
2022-04-26 01:57:49,975 WARN  TrainController:46 - [] [postTrain] warn train
2022-04-26 01:57:49,975 ERROR TrainController:47 - [] [postTrain] error train
2022-04-26 01:57:49,975 DEBUG TrainController:48 - [] [postTrain] debug train
2022-04-26 01:57:53,947 INFO  TrainController:120 - [] [deleteTrain] info train
2022-04-26 01:57:53,947 WARN  TrainController:121 - [] [deleteTrain] warn train
2022-04-26 01:57:53,948 ERROR TrainController:122 - [] [deleteTrain] error train
2022-04-26 01:57:53,948 DEBUG TrainController:123 - [] [deleteTrain] debug train
2022-04-26 02:00:28,859 INFO  TrainController:45 - [] [postTrain] info train
2022-04-26 02:00:28,859 WARN  TrainController:46 - [] [postTrain] warn train
2022-04-26 02:00:28,860 ERROR TrainController:47 - [] [postTrain] error train
2022-04-26 02:00:28,860 DEBUG TrainController:48 - [] [postTrain] debug train
2022-04-26 02:00:35,881 INFO  TrainController:120 - [] [deleteTrain] info train
2022-04-26 02:00:35,882 WARN  TrainController:121 - [] [deleteTrain] warn train
2022-04-26 02:00:35,882 ERROR TrainController:122 - [] [deleteTrain] error train
2022-04-26 02:00:35,882 DEBUG TrainController:123 - [] [deleteTrain] debug train
2022-04-26 02:01:46,657 INFO  TrainController:45 - [] [postTrain] info train
2022-04-26 02:01:46,658 WARN  TrainController:46 - [] [postTrain] warn train
2022-04-26 02:01:46,658 ERROR TrainController:47 - [] [postTrain] error train
2022-04-26 02:01:46,658 DEBUG TrainController:48 - [] [postTrain] debug train
2022-04-26 02:01:50,688 INFO  TrainController:120 - [] [deleteTrain] info train
2022-04-26 02:01:50,689 WARN  TrainController:121 - [] [deleteTrain] warn train
2022-04-26 02:01:50,689 ERROR TrainController:122 - [] [deleteTrain] error train
2022-04-26 02:01:50,689 DEBUG TrainController:123 - [] [deleteTrain] debug train
2022-04-26 02:02:02,505 INFO  TrainController:120 - [] [deleteTrain] info train
2022-04-26 02:02:02,506 WARN  TrainController:121 - [] [deleteTrain] warn train
2022-04-26 02:02:02,506 ERROR TrainController:122 - [] [deleteTrain] error train
2022-04-26 02:02:02,506 DEBUG TrainController:123 - [] [deleteTrain] debug train
2022-04-26 02:02:06,650 INFO  TrainController:120 - [] [deleteTrain] info train
2022-04-26 02:02:06,650 WARN  TrainController:121 - [] [deleteTrain] warn train
2022-04-26 02:02:06,651 ERROR TrainController:122 - [] [deleteTrain] error train
2022-04-26 02:02:06,651 DEBUG TrainController:123 - [] [deleteTrain] debug train
2022-04-26 02:02:34,388 INFO  TrainController:120 - [] [deleteTrain] info train
2022-04-26 02:02:34,388 WARN  TrainController:121 - [] [deleteTrain] warn train
2022-04-26 02:02:34,388 ERROR TrainController:122 - [] [deleteTrain] error train
2022-04-26 02:02:34,389 DEBUG TrainController:123 - [] [deleteTrain] debug train
2022-04-26 02:02:41,208 INFO  TrainController:120 - [] [deleteTrain] info train
2022-04-26 02:02:41,209 WARN  TrainController:121 - [] [deleteTrain] warn train
2022-04-26 02:02:41,209 ERROR TrainController:122 - [] [deleteTrain] error train
2022-04-26 02:02:41,210 DEBUG TrainController:123 - [] [deleteTrain] debug train
2022-04-26 02:02:45,819 INFO  TrainController:120 - [] [deleteTrain] info train
2022-04-26 02:02:45,820 WARN  TrainController:121 - [] [deleteTrain] warn train
2022-04-26 02:02:45,821 ERROR TrainController:122 - [] [deleteTrain] error train
2022-04-26 02:02:45,821 DEBUG TrainController:123 - [] [deleteTrain] debug train
2022-04-26 02:04:58,901 INFO  TrainController:45 - [] [postTrain] info train
2022-04-26 02:04:58,901 WARN  TrainController:46 - [] [postTrain] warn train
2022-04-26 02:04:58,902 ERROR TrainController:47 - [] [postTrain] error train
2022-04-26 02:04:58,902 DEBUG TrainController:48 - [] [postTrain] debug train
2022-04-26 02:07:06,088 INFO  TrainController:120 - [] [deleteTrain] info train
2022-04-26 02:07:06,089 WARN  TrainController:121 - [] [deleteTrain] warn train
2022-04-26 02:07:06,089 ERROR TrainController:122 - [] [deleteTrain] error train
2022-04-26 02:07:06,090 DEBUG TrainController:123 - [] [deleteTrain] debug train
2022-04-26 02:07:39,883 INFO  TrainController:120 - [] [deleteTrain] info train
2022-04-26 02:07:39,883 WARN  TrainController:121 - [] [deleteTrain] warn train
2022-04-26 02:07:39,883 ERROR TrainController:122 - [] [deleteTrain] error train
2022-04-26 02:07:39,883 DEBUG TrainController:123 - [] [deleteTrain] debug train
2022-04-26 02:17:49,939 INFO  TrainController:45 - [] [postTrain] info train
2022-04-26 02:17:49,941 WARN  TrainController:46 - [] [postTrain] warn train
2022-04-26 02:17:49,941 ERROR TrainController:47 - [] [postTrain] error train
2022-04-26 02:17:49,941 DEBUG TrainController:48 - [] [postTrain] debug train
2022-04-26 02:17:54,323 INFO  TrainController:120 - [] [deleteTrain] info train
2022-04-26 02:17:54,323 WARN  TrainController:121 - [] [deleteTrain] warn train
2022-04-26 02:17:54,323 ERROR TrainController:122 - [] [deleteTrain] error train
2022-04-26 02:17:54,323 DEBUG TrainController:123 - [] [deleteTrain] debug train
2022-04-26 02:18:50,087 INFO  TrainController:120 - [] [deleteTrain] info train
2022-04-26 02:18:50,087 WARN  TrainController:121 - [] [deleteTrain] warn train
2022-04-26 02:18:50,088 ERROR TrainController:122 - [] [deleteTrain] error train
2022-04-26 02:18:50,088 DEBUG TrainController:123 - [] [deleteTrain] debug train
2022-04-26 02:20:02,663 INFO  TrainController:45 - [] [postTrain] info train
2022-04-26 02:20:02,663 WARN  TrainController:46 - [] [postTrain] warn train
2022-04-26 02:20:02,663 ERROR TrainController:47 - [] [postTrain] error train
2022-04-26 02:20:02,664 DEBUG TrainController:48 - [] [postTrain] debug train
2022-04-26 02:20:56,581 INFO  TrainController:45 - [] [postTrain] info train
2022-04-26 02:20:56,582 WARN  TrainController:46 - [] [postTrain] warn train
2022-04-26 02:20:56,582 ERROR TrainController:47 - [] [postTrain] error train
2022-04-26 02:20:56,582 DEBUG TrainController:48 - [] [postTrain] debug train
