2022-04-27 04:59:39,707 INFO  TrainController:45 - [] [postTrain] info train
2022-04-27 04:59:39,732 WARN  TrainController:46 - [] [postTrain] warn train
2022-04-27 04:59:39,733 ERROR TrainController:47 - [] [postTrain] error train
2022-04-27 04:59:39,733 DEBUG TrainController:48 - [] [postTrain] debug train
2022-04-27 04:59:48,341 INFO  TrainController:120 - [] [deleteTrain] info train
2022-04-27 04:59:48,343 WARN  TrainController:121 - [] [deleteTrain] warn train
2022-04-27 04:59:48,343 ERROR TrainController:122 - [] [deleteTrain] error train
2022-04-27 04:59:48,344 DEBUG TrainController:123 - [] [deleteTrain] debug train
2022-04-27 21:14:04,055 INFO  TrainController:45 - [] [postTrain] info train
2022-04-27 21:14:04,077 WARN  TrainController:46 - [] [postTrain] warn train
2022-04-27 21:14:04,077 ERROR TrainController:47 - [] [postTrain] error train
2022-04-27 21:14:04,077 DEBUG TrainController:48 - [] [postTrain] debug train
2022-04-27 22:51:10,891 INFO  TrainController:45 - [] [postTrain] info train
2022-04-27 22:51:10,897 WARN  TrainController:46 - [] [postTrain] warn train
2022-04-27 22:51:10,897 ERROR TrainController:47 - [] [postTrain] error train
2022-04-27 22:51:10,898 DEBUG TrainController:48 - [] [postTrain] debug train
2022-04-27 22:51:18,540 INFO  TrainController:120 - [] [deleteTrain] info train
2022-04-27 22:51:18,540 WARN  TrainController:121 - [] [deleteTrain] warn train
2022-04-27 22:51:18,540 ERROR TrainController:122 - [] [deleteTrain] error train
2022-04-27 22:51:18,540 DEBUG TrainController:123 - [] [deleteTrain] debug train
2022-04-27 22:51:40,114 INFO  TrainController:120 - [] [deleteTrain] info train
2022-04-27 22:51:40,114 WARN  TrainController:121 - [] [deleteTrain] warn train
2022-04-27 22:51:40,115 ERROR TrainController:122 - [] [deleteTrain] error train
2022-04-27 22:51:40,115 DEBUG TrainController:123 - [] [deleteTrain] debug train
