2022-04-23 15:23:37,010 INFO  TrainController:39 - [] [postTrain] info train
2022-04-23 15:23:37,030 WARN  TrainController:40 - [] [postTrain] warn train
2022-04-23 15:23:37,030 ERROR TrainController:41 - [] [postTrain] error train
2022-04-23 15:23:37,031 DEBUG TrainController:42 - [] [postTrain] debug train
2022-04-23 15:23:57,526 INFO  TrainController:80 - [] [deleteTrain] info train
2022-04-23 15:23:57,527 WARN  TrainController:81 - [] [deleteTrain] warn train
2022-04-23 15:23:57,528 ERROR TrainController:82 - [] [deleteTrain] error train
2022-04-23 15:23:57,528 DEBUG TrainController:83 - [] [deleteTrain] debug train
2022-04-23 15:24:09,835 INFO  TrainController:39 - [] [postTrain] info train
2022-04-23 15:24:09,835 WARN  TrainController:40 - [] [postTrain] warn train
2022-04-23 15:24:09,835 ERROR TrainController:41 - [] [postTrain] error train
2022-04-23 15:24:09,835 DEBUG TrainController:42 - [] [postTrain] debug train
2022-04-23 15:24:40,494 INFO  TrainController:39 - [] [postTrain] info train
2022-04-23 15:24:40,494 WARN  TrainController:40 - [] [postTrain] warn train
2022-04-23 15:24:40,494 ERROR TrainController:41 - [] [postTrain] error train
2022-04-23 15:24:40,494 DEBUG TrainController:42 - [] [postTrain] debug train
2022-04-23 15:24:53,380 INFO  TrainController:80 - [] [deleteTrain] info train
2022-04-23 15:24:53,381 WARN  TrainController:81 - [] [deleteTrain] warn train
2022-04-23 15:24:53,381 ERROR TrainController:82 - [] [deleteTrain] error train
2022-04-23 15:24:53,381 DEBUG TrainController:83 - [] [deleteTrain] debug train
2022-04-23 15:24:59,654 INFO  TrainController:80 - [] [deleteTrain] info train
2022-04-23 15:24:59,655 WARN  TrainController:81 - [] [deleteTrain] warn train
2022-04-23 15:24:59,655 ERROR TrainController:82 - [] [deleteTrain] error train
2022-04-23 15:24:59,655 DEBUG TrainController:83 - [] [deleteTrain] debug train
2022-04-23 16:36:53,672 INFO  TrainController:39 - [] [postTrain] info train
2022-04-23 16:36:53,689 WARN  TrainController:40 - [] [postTrain] warn train
2022-04-23 16:36:53,689 ERROR TrainController:41 - [] [postTrain] error train
2022-04-23 16:36:53,690 DEBUG TrainController:42 - [] [postTrain] debug train
2022-04-23 16:37:43,480 INFO  TrainController:39 - [] [postTrain] info train
2022-04-23 16:37:43,480 WARN  TrainController:40 - [] [postTrain] warn train
2022-04-23 16:37:43,481 ERROR TrainController:41 - [] [postTrain] error train
2022-04-23 16:37:43,481 DEBUG TrainController:42 - [] [postTrain] debug train
2022-04-23 16:53:16,064 INFO  TrainController:39 - [] [postTrain] info train
2022-04-23 16:53:16,066 WARN  TrainController:40 - [] [postTrain] warn train
2022-04-23 16:53:16,067 ERROR TrainController:41 - [] [postTrain] error train
2022-04-23 16:53:16,067 DEBUG TrainController:42 - [] [postTrain] debug train
2022-04-23 16:55:52,145 INFO  TrainController:39 - [] [postTrain] info train
2022-04-23 16:55:52,145 WARN  TrainController:40 - [] [postTrain] warn train
2022-04-23 16:55:52,146 ERROR TrainController:41 - [] [postTrain] error train
2022-04-23 16:55:52,147 DEBUG TrainController:42 - [] [postTrain] debug train
2022-04-23 16:56:26,618 INFO  TrainController:80 - [] [deleteTrain] info train
2022-04-23 16:56:26,619 WARN  TrainController:81 - [] [deleteTrain] warn train
2022-04-23 16:56:26,619 ERROR TrainController:82 - [] [deleteTrain] error train
2022-04-23 16:56:26,620 DEBUG TrainController:83 - [] [deleteTrain] debug train
2022-04-23 16:56:32,291 INFO  TrainController:80 - [] [deleteTrain] info train
2022-04-23 16:56:32,292 WARN  TrainController:81 - [] [deleteTrain] warn train
2022-04-23 16:56:32,292 ERROR TrainController:82 - [] [deleteTrain] error train
2022-04-23 16:56:32,292 DEBUG TrainController:83 - [] [deleteTrain] debug train
2022-04-23 16:56:38,550 INFO  TrainController:80 - [] [deleteTrain] info train
2022-04-23 16:56:38,550 WARN  TrainController:81 - [] [deleteTrain] warn train
2022-04-23 16:56:38,551 ERROR TrainController:82 - [] [deleteTrain] error train
2022-04-23 16:56:38,551 DEBUG TrainController:83 - [] [deleteTrain] debug train
